0.9510565162951535 0.3090169943749474 0.0 0.9999999999999999
0.9509393297677019 0.3089318533790445 0.01659822486720997 0.9999999999999999
0.9505878058814984 0.30867645632610785 0.033191393754334775 1.0000000000000002
0.9500020517141238 0.30825088101255393 0.04977445222138976 0.9999999999999999
0.9491822456919722 0.3076552570727459 0.06634234890812216 0.9999999999999999
0.9481286375358994 0.30688976593950573 0.08289003707270438 0.9999999999999999
0.9468415481851564 0.30595464078884804 0.09941247612902043 0.9999999999999999
0.9453213696996275 0.3048501664689526 0.11590463318207732 0.9999999999999999
0.9435685651404061 0.30357667941339644 0.13236148456107355 1.0000000000000002
0.9415836684287402 0.30213456753867324 0.14877801734965798 1.0
0.9393672841833967 0.30052427012603006 0.16514923091291267 0.9999999999999999
0.9369200875364871 0.2987462776876582 0.18147013842059478 0.9999999999999999
0.9342428239278169 0.29680113181727813 0.19773576836617326 1.0
0.9313363088778162 0.29468942502516493 0.21394116608119804 1.0
0.9282014277391252 0.2924118005576642 0.23008139524453985 0.9999999999999997
0.9248391354269074 0.2899689522012525 0.24615153938604162 0.9999999999999999
0.9212504561279723 0.2873616240712036 0.26214670338412294 1.0
0.9174364829887983 0.2845906103849236 0.2780620149568814 0.9999999999999999
0.9133983777825507 0.28165675522002487 0.29389262614623657 0.9999999999999998
0.9091373705551934 0.27856095225721156 0.3096337147946659 1.0
0.9046547592508049 0.27530414450805574 0.3252804860140796 1.0
0.8999519093162125 0.2718873240277472 0.3408281736463907 0.9999999999999998
0.8950302532850642 0.26831153161290383 0.35627204171533233 1.0
0.8898912903414639 0.2645778564845347 0.3716073858690827 0.9999999999999999
0.8845365858633066 0.26068743595625254 0.3868295348132558 1.0
0.8789677709454484 0.2566414550878379 0.401933851733823 0.9999999999999999
0.8731865419028599 0.2524411463242577 0.4169157357095314 1.0
0.8671946597539112 0.24808778912025028 0.4317706231133892 1.0
0.8609939496839497 0.24358270955059214 0.4464939890027908 1.0
0.8545863004893302 0.23892727990616175 0.4610813484978577 1.0
0.8479736640020699 0.2341229182759271 0.47552825814757677 1.0000000000000002
0.8411580544953006 0.22917108811498155 0.4898303172833185 1.0000000000000002
0.8341415480697023 0.22407329779876164 0.5039831693593229 1.0
0.8269262820211031 0.21883110016358104 0.5179825032797458 1.0
0.8195144541894367 0.21344609203362175 0.5318240547118607 0.9999999999999998
0.8119083222892612 0.20791991373452598 0.5455036073850148 1.0
0.8041102032220353 0.20225424859373684 0.5590169943749475 1.0
0.7961224723703689 0.19645082242774073 0.5723600993730743 1.0
0.7879475628744584 0.190511403016367 0.5855288579403551 0.9999999999999998
0.7795879648909285 0.1844377995643046 0.5985192587453622 1.0
0.7710462248343061 0.17823186215000145 0.611327344786169 1.0
0.7623249446013582 0.1718954811621123 0.623949214595693 1.0000000000000002
0.7534267807785284 0.16543058672366773 0.6363810234301195 1.0
0.7443544438327161 0.15883914810414082 0.6486189844400476 1.0
0.7351106972856403 0.15212317311958756 0.6606593698240022 0.9999999999999998
0.7256983568720456 0.1452847075210474 0.6724985119639573 0.9999999999999999
0.7161202896820014 0.13832583437138746 0.6841328045425289 1.0
0.7063794132875584 0.13124867341078106 0.6955587036414935 1.0
0.6964786948540284 0.12405538041101498 0.7067727288213005 1.0
0.6864211502361568 0.11674814651881983 0.7177714641812474 1.0
0.6762098430594639 0.10932919758842603 0.7285515593999962 1.0
0.6658478837870345 0.10180079350354669 0.7391097307561144 0.9999999999999998
0.655338428772042 0.09416522748899532 0.7494427621283277 1.0
0.6446846792962909 0.0864248254121474 0.7595475059751815 1.0
0.6338898805950771 0.07858194507445848 0.7694208842938134 1.0
0.6229573208686562 0.07063897549325507 0.7790598895575419 1.0
0.6118903302806272 0.06259833617401696 0.7884615856319886 1.0
0.6006922799435317 0.05446247637337222 0.7976231086694529 1.0000000000000002
0.5893665808919797 0.04623387435302978 0.806541667981268 1.0
0.5779166830436175 0.03791503662487759 0.8152145468878712 1.0
0.566346074148247 0.02950849718747374 0.823639103546332 1.0
0.5546582787254247 0.021016816754167028 0.8318127717550813 1.0000000000000002
0.5428568569908588 0.012442581973078126 0.8397330617356027 1.0
0.5309454037719327 0.003788404639181786 0.8473975608908426 1.0
0.5189275474126853 -0.004943079101271092 0.8548039345401108 1.0000000000000002
0.5068069486685834 -0.013749209553749364 0.8619499266302463 1.0
0.49458729959141956 -0.02262730428561041 0.8688333604228339 1.0000000000000002
0.482272322404677 -0.031574658943194736 0.8754521391572587 1.0
0.4698657683697042 -0.04058854807559896 0.8818042466894013 1.0000000000000002
0.4573714166430459 -0.049666225964873384 0.8878877481057724 1.0000000000000002
0.4447930731252731 -0.058804927462395906 0.8937007903129088 1.0
0.4321345693016706 -0.06800186883116163 0.899241602601842 1.0
0.41939976107512866 -0.07725424859373688 0.9045084971874737 1.0
0.40659252759159803 -0.0865592483856161 0.9094998697226916 1.0
0.39371677005846417 -0.09591403381372322 0.9142141997870689 1.0000000000000002
0.3807764105562021 -0.10531575531979494 0.918650051349999 1.0
0.3677753908436723 -0.11476154904838386 0.9228060732081251 1.0000000000000002
0.3547176711574225 -0.12424853771921722 0.9266809993969289 1.0
0.34160722900536267 -0.1337738315036428 0.930273649576356 1.0000000000000002
0.3284480579551755 -0.14333452890490062 0.933582929390359 1.0000000000000002
0.31524416641783903 -0.15292771764194574 0.9366078308002487 1.0000000000000002
0.30199957642662434 -0.16255047553655738 0.9393474323917529 1.0000000000000002
0.28871832241194617 -0.17219987140346302 0.9418008996556876 1.0000000000000002
0.27540444997243524 -0.1818729659432062 0.943967485242157 1.0000000000000002
0.26206201464261153 -0.19156681263748432 0.9458465291882033 1.0000000000000002
0.24869508065752746 -0.20127845864668806 0.9474374591188378 1.0
0.2353077197147634 -0.2110049457093641 0.948739790421392 1.0000000000000002
0.2219040097341485 -0.22074331104333075 0.949753126393135 1.0
0.20848803361558768 -0.23049058824816954 0.9504771583621138 1.0000000000000004
0.19506387799536984 -0.24024380820881988 0.9509116657811763 1.0000000000000002
0.18163563200134025 -0.24999999999999994 0.9510565162951536 1.0
