0.9510565162951535 -0.3090169943749474 0.0 0.9999999999999999 0.0
0.9509147213528244 -0.30891397431908924 0.018257852690425732 0.9999999999999999 1.0
0.9504893887880153 -0.30860495212220973 0.03650897597898016 1.0 2.0
0.9497806753679978 -0.308090041682399 0.05474664294408636 0.9999999999999997 3.0
0.9487888423073575 -0.3073694327831621 0.07296413162384205 0.9999999999999999 4.0
0.947514255171715 -0.30644339102346924 0.09115472749357166 0.9999999999999999 5.0
0.9459573837429881 -0.30531225771986276 0.10931172594063751 0.9999999999999998 6.0
0.9441188018462421 -0.30397644978065597 0.12742843473559737 0.9999999999999998 7.0
0.9419991871381906 -0.30243645955227094 0.14549817649879798 0.9999999999999998 8.0
0.9395993208574289 -0.30069285463777146 0.16351429116149538 1.0 9.0
0.9369200875364871 -0.2987462776876582 0.18147013842059478 0.9999999999999999 10.0
0.933962474675814 -0.2965974461630036 0.1993591001861053 0.9999999999999999 11.0
0.9307275723798077 -0.29424715207101293 0.21717458302040735 0.9999999999999999 12.0
0.92721657295503 -0.29169626167310947 0.2349100205684342 0.9999999999999998 13.0
0.9234307704707506 -0.28894571516565215 0.25255887597787097 0.9999999999999998 14.0
0.919371560281985 -0.2859965263334012 0.27011464430847987 1.0 15.0
0.9150404385152 -0.2828497821758622 0.28757085492966394 1.0 16.0
0.9104390015168783 -0.27950664250664414 0.30492107390538414 1.0 17.0
0.9055689452651434 -0.27596833952598043 0.32215890636555244 0.9999999999999999 18.0
0.9004320647446638 -0.2722361773665696 0.3392779988630256 0.9999999999999999 19.0
0.8950302532850642 -0.26831153161290383 0.35627204171533233 1.0 20.0
0.889365501863091 -0.2641958487942615 0.3731347713302686 1.0 21.0
0.8834398983687862 -0.25989064585155186 0.3898599725145066 1.0 22.0
0.8772556268359417 -0.2553975095782075 0.4064414807643634 1.0 23.0
0.8708149666371174 -0.25071809603533013 0.4228731845378885 1.0 24.0
0.8641202916435198 -0.24585412994130737 0.4391490275074296 1.0 25.0
0.8571740693500504 -0.24080740403612297 0.4552630107918481 0.9999999999999999 26.0
0.8499788599658475 -0.2355797784205964 0.4712091951675611 0.9999999999999999 27.0
0.8425373154706547 -0.23017317987079458 0.48698170325759593 0.9999999999999998 28.0
0.8348521786373654 -0.2245896011278694 0.5025747216978478 1.0 29.0
0.8269262820211031 -0.21883110016358104 0.5179825032797458 1.0 30.0
0.8187625469152108 -0.21289979942178 0.5331993690685343 0.9999999999999999 31.0
0.810363982274533 -0.20679788503612548 0.5482197104963902 1.0 32.0
0.8017336836063872 -0.20052760602432962 0.5630379914296055 0.9999999999999998 33.0
0.7928748318296358 -0.1940912734592238 0.5776487502090726 1.0 34.0
0.7837906921022759 -0.1874912596169538 0.5920466016633178 0.9999999999999999 35.0
0.7744846126179816 -0.1807299971026158 0.6062262390933466 1.0 36.0
0.7649600233720409 -0.17380997795365738 0.6201824362285631 1.0 37.0
0.7552204348971425 -0.1667337527213728 0.6339100491530474 0.9999999999999999 38.0
0.7452694369694786 -0.15950392953083178 0.6474040182014782 1.0 39.0
0.7351106972856403 -0.15212317311958756 0.6606593698240022 0.9999999999999998 40.0
0.7247479601107939 -0.14459420385551947 0.6736712184193648 1.0 41.0
0.7141850448986352 -0.13691979673417143 0.6864347681356238 1.0 42.0
0.7034258448836317 -0.1291027803559554 0.6989453146377841 1.0 43.0
0.6924743256460703 -0.12114603588359826 0.7111982468417017 1.0 44.0
0.6813345236504413 -0.11305249598021476 0.723189048613618 1.0000000000000002 45.0
0.6700105447576948 -0.10482514372839948 0.7349133004346957 1.0 46.0
0.6585065627119203 -0.09646701153073413 0.7463666810299486 1.0 47.0
0.6468268176020056 -0.08798117999211842 0.7575449689609564 1.0 48.0
0.6349756142988423 -0.07937077678433271 0.7684440441817866 1.0 49.0
0.6229573208686562 -0.07063897549325507 0.7790598895575419 1.0 50.0
0.6107763669630426 -0.061788994449153825 0.78938859234498 1.0 51.0
0.5984372421863049 -0.05282409554048917 0.7994263456346552 1.0 52.0
0.5859444944406946 -0.04374758301166021 0.8091694497540529 1.0 53.0
0.5733027282501657 -0.034562802245140606 0.8186143136311996 1.0 54.0
0.5605166030632576 -0.02527313852845145 0.827757456118245 1.0 55.0
0.5475908315357368 -0.015882015806426786 0.8365955072745279 1.0 56.0
0.5345301777936253 -0.006392895419230382 0.8451252096086557 1.0 57.0
0.521339455677259 0.0031907251734106246 0.8533434192791358 1.0 58.0
0.5080235269670235 0.01286531368128438 0.8612471072531206 1.0 59.0
0.49458729959141956 0.02262730428561041 0.8688333604228339 1.0000000000000002 60.0
0.4810357258181195 0.03247309895331499 0.876099382679273 1.0 61.0
0.4673738004286813 0.04239906876317806 0.8830424959427867 1.0 62.0
0.4536065588775937 0.05240155524336558 0.8896601411501499 1.0 63.0
0.4397390754363291 0.062476871719854485 0.8959498791977727 1.0000000000000002 64.0
0.42577646132309077 0.07262130467525002 0.9019093918406944 1.0 65.0
0.4117238628189412 0.08283111511749927 0.9075364825470332 1.0000000000000002 66.0
0.397586459371007 0.09310253995799304 0.9128290773075741 1.0000000000000002 67.0
0.3833694616834629 0.10343179339854766 0.9177852254001979 1.0 68.0
0.3690781097969893 0.1138150683267604 0.9224031001088714 1.0000000000000002 69.0
0.3547176711574225 0.12424853771921722 0.9266809993969289 1.0 70.0
0.3402934386743006 0.1347283560520416 0.9306173465344036 1.0 71.0
0.3258107287700256 0.14525066071826181 0.9342106906791708 1.0000000000000002 72.0
0.31127487942036064 0.1558115734514725 0.9374597074116927 1.0000000000000002 73.0
0.2966912481869782 0.16640720175527213 0.9403631992231689 1.0000000000000002 74.0
0.28206521024279674 0.1770336403379401 0.9429200959569076 1.0000000000000002 75.0
0.2674021563908183 0.1876869725518352 0.9451294552027606 1.0 76.0
0.2527074910772127 0.19836327183697489 0.946990462644472 1.0000000000000002 77.0
0.23798663039936718 0.20905860316827143 0.9485024323598155 1.0 78.0
0.22324500010964582 0.219769024505886 0.9496648070734093 1.0000000000000002 79.0
0.20848803361558768 0.23049058824816954 0.9504771583621138 1.0000000000000004 80.0
0.1937211699772848 0.24121934268665246 0.9509391868129378 1.0 81.0
0.17894985190267743 0.25195133346254905 0.9510507221333957 1.0000000000000002 82.0
0.16417952374150205 0.2626826050242382 0.9508117232142722 1.0000000000000002 83.0
0.14941562947863796 0.27340920208518327 0.9502222781447749 1.0000000000000002 84.0
0.1346636107275847 0.2841271710817559 0.9492826041800662 1.0 85.0
0.11992890472481695 0.2948325616304226 0.9479930476611887 1.0 86.0
0.1052169423257491 0.3055214279837612 0.9463540838874124 1.0000000000000002 87.0
0.09053314600305556 0.3161898304847668 0.9443663169410502 1.0000000000000002 88.0
0.07588292784807729 0.3268338370189147 0.9420304794648087 1.0000000000000002 89.0
0.06127168757605603 0.33744952446344273 0.9393474323917528 1.0 90.0
