0	0
1	1
2	-4.00479e-18
3	-1.19034e-16
4	2.01583e-17
5	1.2673e-16
6	6.40443e-18
7	-8.5917e-17
8	1.46693e-17
9	5.2514e-17
10	5.25096e-17
11	1.0124e-17
12	1.1024e-17
13	-3.02539e-17
14	2.32563e-17
15	4.32221e-18
16	-1.11461e-17
17	-4.96598e-17
18	2.20412e-17
19	-4.17354e-17
20	-2.52159e-17
21	2.0148e-17
22	6.13397e-17
23	-1.06689e-16
24	-9.86194e-17
25	6.91261e-17
26	-4.9494e-17
27	-9.21421e-17
28	1.91642e-17
29	-6.5707e-17
30	1.53176e-16
31	2.41958e-17
32	-2.97246e-17
33	-4.63571e-16
34	-5.1024e-17
35	8.75727e-17
36	-3.55544e-17
37	-3.40903e-17
38	1.68068e-17
39	3.01811e-17
40	4.15958e-17
41	-1.0543e-16
42	-1.71131e-16
43	8.70692e-17
44	-4.49296e-17
45	-2.24849e-17
46	-4.66234e-17
47	1.13596e-16
48	-3.14424e-16
49	-8.87797e-17
50	1.65644e-16
51	-6.84652e-17
52	2.64312e-16
53	9.11213e-17
54	-2.59171e-16
55	-1.44041e-17
56	6.85833e-18
57	2.30333e-16
58	3.87815e-17
59	3.07891e-16
60	2.35474e-16
61	-1.16002e-16
62	3.13428e-16
63	-1.13458e-16
64	3.92998e-17
65	-1.43975e-16
66	-9.29917e-17
67	-7.41017e-17
68	1.0593e-16
69	-4.46517e-17
70	1.05802e-18
71	-4.02236e-17
72	-1.15871e-16
73	-6.71333e-18
74	-1.92281e-15
75	3.13939e-16
76	1.50227e-16
77	-1.62033e-16
78	1.04384e-16
79	1.85916e-16
80	-8.30304e-18
81	-7.41339e-17
82	3.72536e-17
83	2.67781e-17
84	-2.22034e-16
85	-2.13853e-16
86	1.6496e-16
87	-9.20988e-17
88	2.67678e-16
89	-2.91353e-16
90	1.79313e-16
91	-8.67765e-17
92	-9.97896e-17
93	2.7396e-16
94	3.15013e-16
95	4.68187e-18
96	-5.74902e-17
97	2.76361e-17
98	-2.34842e-16
99	-5.06789e-16
100	3.20253e-16
101	-3.98696e-16
102	-3.93892e-16
103	3.46045e-16
104	9.79595e-17
105	-3.27489e-17
106	-3.16735e-17
107	-5.66046e-16
108	3.38157e-16
109	1.91163e-16
110	-2.64751e-16
111	1.04553e-15
112	-6.16982e-17
113	1.5884e-16
114	1.164e-16
115	5.58345e-16
116	5.12407e-16
117	-1.23556e-16
118	2.3161e-17
119	3.75276e-16
120	3.28249e-16
121	5.46365e-16
122	-9.43021e-17
123	1.59397e-16
124	6.7383e-16
125	-2.14029e-16
126	-2.44776e-16
127	-5.69365e-16
128	-1.02253e-16
129	-1.66354e-16
130	-4.53794e-17
131	-6.5363e-16
132	-2.34754e-16
133	8.71014e-16
134	-2.24762e-17
135	-2.53941e-16
136	2.24896e-17
137	2.3534e-16
138	4.04983e-16
139	-5.62067e-16
140	4.47948e-16
141	-4.19819e-16
142	-4.67301e-17
143	-2.92937e-16
144	2.97502e-16
145	-3.76242e-17
146	7.83741e-17
147	2.64231e-16
148	-1.02518e-15
149	-6.7485e-16
150	-1.65014e-16
151	-2.05616e-16
152	5.73587e-17
153	4.10976e-16
154	1.96867e-16
155	-2.945e-17
156	5.53683e-16
157	-4.96679e-16
158	-1.49039e-16
159	5.26558e-16
160	-1.79893e-16
161	-3.98917e-16
162	5.89903e-16
163	2.14783e-16
164	1.96841e-15
165	-1.14363e-16
166	3.64566e-16
167	1.26412e-16
168	-5.12144e-16
169	-4.25867e-17
170	2.31363e-16
171	3.55943e-16
172	-2.03833e-16
173	-4.47548e-16
174	2.74575e-16
175	3.722e-16
176	-7.42762e-17
177	8.41045e-18
178	-5.41722e-16
179	-2.78066e-17
180	3.64015e-16
181	2.6812e-16
182	-4.65626e-16
183	-3.75917e-16
184	-4.37416e-16
185	-8.84255e-16
186	6.78739e-16
187	1.53566e-15
188	5.87846e-17
189	-7.78979e-16
190	6.86161e-16
191	1.60835e-16
192	-7.70846e-16
193	-1.9998e-15
194	5.88034e-17
195	1.5913e-16
196	-2.66387e-16
197	-4.1252e-16
198	3.5155e-16
199	3.26117e-16
200	1.08458e-15
201	-3.05779e-16
202	-5.71975e-18
203	1.28011e-15
204	-8.55796e-16
205	-4.33816e-15
206	7.0664e-15
207	-2.18429e-15
208	-5.38154e-15
209	4.85234e-15
210	-1.05354e-16
211	-1.72615e-15
212	-3.42283e-16
213	1.15476e-15
214	1.17212e-16
215	-5.11461e-16
216	-4.78123e-16
217	2.37193e-15
218	4.49734e-16
219	-3.889e-16
220	-3.17076e-16
221	-3.09073e-16
222	2.8819e-16
223	-6.97353e-16
224	9.65833e-17
225	-8.83715e-17
226	7.05103e-16
227	1.9466e-16
228	-1.29531e-15
229	4.19094e-16
230	8.69878e-16
231	1.70408e-16
232	-7.09352e-16
233	1.19197e-15
234	-1.49244e-15
235	-1.17282e-15
236	1.33815e-15
237	2.34123e-16
238	1.26455e-16
239	-7.08828e-16
240	-1.774e-15
241	2.66632e-16
242	-7.65255e-16
243	-8.86594e-16
244	-5.48849e-16
245	8.95912e-16
246	-1.31516e-15
247	-2.87035e-17
248	-7.61971e-16
249	-2.32952e-16
250	-7.97344e-16
251	-3.88758e-16
252	1.17306e-16
253	-1.95763e-16
254	-9.17677e-16
255	-4.09738e-16
256	7.88547e-17
257	-1.10787e-15
258	2.15268e-15
259	4.17086e-17
260	1.65732e-15
261	4.95529e-16
262	-3.13617e-16
263	-8.79196e-16
264	-1.68451e-16
265	-3.41904e-16
266	7.66125e-16
267	6.05878e-16
268	-1.47941e-15
269	1.13708e-15
270	8.9132e-16
271	-6.47917e-17
272	2.42244e-16
273	3.40435e-16
274	2.21389e-16
275	-8.6176e-16
276	-4.7406e-16
277	7.04236e-16
278	9.28013e-16
279	3.13236e-16
280	6.42433e-16
281	-3.73712e-16
282	-1.79831e-15
283	-1.48144e-16
284	6.90186e-16
285	-9.38077e-16
286	3.40935e-15
287	-9.42336e-16
288	4.00466e-16
289	2.7838e-16
290	1.70749e-16
291	-3.98127e-17
292	1.7887e-16
293	8.3086e-16
294	-7.65362e-16
295	-7.95592e-15
296	-9.0211e-16
297	-1.13959e-15
298	5.99989e-16
299	4.45118e-16
300	-8.12401e-16
301	2.4013e-16
302	1.16543e-17
303	-2.12687e-15
304	-1.18468e-15
305	5.37724e-16
306	3.36875e-16
307	-5.73404e-16
308	4.67234e-16
309	3.3045e-15
310	-8.08314e-16
311	1.22503e-15
312	-2.96716e-16
313	6.29656e-17
314	-4.12198e-18
315	-1.10869e-15
316	-3.25526e-16
317	9.27602e-16
318	3.95592e-16
319	-2.84865e-16
320	5.48084e-16
321	3.49737e-16
322	-4.13549e-16
323	-3.21364e-16
324	9.6431e-16
325	3.97163e-16
326	-4.04491e-16
327	-6.38813e-17
328	-5.34126e-16
329	-5.86315e-17
330	-5.2285e-16
331	2.1778e-16
332	-2.63611e-15
333	-9.52406e-17
334	-2.51156e-16
335	-4.02128e-16
336	-6.73937e-17
337	1.96939e-16
338	3.00201e-16
339	-1.42124e-16
340	-3.818e-16
341	-3.29721e-16
342	-4.83206e-16
343	-8.32721e-17
344	5.1647e-16
345	5.30922e-16
346	-1.25832e-15
347	1.23505e-15
348	-2.85593e-16
349	4.9837e-16
350	1.12843e-16
351	-5.32555e-17
352	-7.302e-16
353	-5.91554e-16
354	-7.7594e-16
355	1.26818e-15
356	1.82158e-15
357	3.35049e-17
358	-8.97591e-16
359	2.06122e-15
360	-7.26556e-16
361	-2.65501e-16
362	-1.1043e-15
363	-8.46937e-16
364	1.54831e-15
365	1.3075e-15
366	-1.31334e-15
367	-5.99304e-16
368	-6.70044e-16
369	-1.722e-16
370	2.80142e-16
371	7.25912e-16
372	-4.79587e-16
373	-1.38965e-15
374	1.24513e-16
375	1.42546e-15
376	2.6889e-16
377	3.3963e-16
378	-1.31063e-16
379	-1.04164e-17
380	6.56751e-17
381	-2.83153e-15
382	1.58384e-15
383	-2.41697e-15
384	-4.52771e-16
385	4.28214e-16
386	-2.0407e-15
387	-2.46013e-15
388	-8.86379e-16
389	-5.25645e-16
390	-3.11087e-15
391	-1.00492e-15
392	5.00793e-16
393	5.15557e-16
394	-5.80066e-16
395	6.50306e-17
396	1.09267e-15
397	-1.08075e-15
398	-5.18629e-16
399	-1.01436e-15
400	4.94831e-15
401	-1.82214e-15
402	-2.68815e-15
403	5.72582e-16
404	5.89153e-16
405	-4.67814e-16
406	2.29083e-16
407	1.73253e-15
408	2.84642e-15
409	-7.73058e-16
410	-4.30499e-15
411	8.37375e-16
412	7.25836e-15
413	-2.4011e-15
414	2.00991e-15
415	-1.86998e-16
416	-7.84569e-15
417	1.86648e-15
418	4.501e-15
419	5.23725e-16
420	-4.90519e-15
421	1.1411e-15
422	1.14012e-15
423	-1.61149e-15
424	-2.93379e-15
425	8.01219e-16
426	2.07582e-15
427	3.24885e-16
428	-1.282e-15
429	-3.23703e-15
430	1.39179e-15
431	-1.35429e-15
432	-3.68629e-16
433	-7.88432e-16
434	6.24565e-15
435	2.64777e-15
436	-8.20591e-16
437	-1.47479e-15
438	3.89234e-15
439	-7.64189e-16
440	-5.25869e-15
441	3.01855e-15
442	2.00033e-15
443	-1.8213e-15
444	-1.03885e-15
445	9.95855e-17
446	1.62508e-16
447	-1.95224e-15
448	-1.29993e-15
449	-1.8681e-16
450	2.8482e-15
451	-1.18939e-15
452	-1.56694e-15
453	1.72922e-15
454	1.23649e-16
455	-4.29223e-16
456	6.76091e-16
457	1.26639e-15
458	5.34467e-16
459	-4.9279e-16
460	-7.28941e-16
461	1.36707e-16
462	-3.00421e-15
463	2.76295e-15
464	3.35424e-15
465	-5.43014e-15
466	3.96043e-15
467	4.89606e-15
468	4.05453e-16
469	1.5772e-15
470	-2.02923e-15
471	-1.62893e-15
472	-9.87039e-16
473	-5.59577e-16
474	-3.10746e-17
475	-1.31015e-15
476	2.33988e-15
477	2.31879e-15
478	7.98247e-16
479	9.06772e-16
480	-3.26149e-15
481	-3.16577e-15
482	2.75555e-15
483	-5.18615e-16
484	-1.40412e-15
485	-2.9836e-15
486	1.01844e-16
487	-6.16163e-16
488	-1.61466e-16
489	9.6999e-16
490	-1.01037e-15
491	-8.69027e-17
492	8.19694e-16
493	1.29798e-15
494	3.74316e-16
495	3.97257e-15
496	-2.6606e-15
497	-1.591e-16
498	-9.07177e-16
499	-6.14232e-16
500	5.97217e-17
501	-4.36962e-16
502	1.75295e-15
503	-5.34889e-15
504	-7.24148e-16
505	-2.13784e-15
506	9.65921e-16
507	7.85072e-16
508	-1.58299e-15
509	-3.14869e-15
510	2.31303e-15
511	2.32394e-16
512	-1.35551e-15
513	1.45549e-15
514	1.19397e-15
515	-6.67761e-16
516	-9.15335e-17
517	4.42998e-15
518	-2.69117e-15
519	-2.80155e-16
520	-2.18864e-15
521	5.40911e-16
522	4.99317e-15
523	-1.6108e-17
524	-1.0577e-15
525	6.99102e-16
526	1.12712e-15
527	1.35139e-16
528	-1.89215e-15
529	1.37516e-15
530	1.46673e-15
531	-1.32108e-15
532	2.01979e-15
533	2.09121e-15
534	-1.30147e-16
535	-1.15455e-15
536	-1.55798e-15
537	7.90888e-16
538	-3.90058e-16
539	7.13183e-17
540	4.50394e-15
541	8.06626e-16
542	2.60919e-16
543	-1.31493e-15
544	8.13234e-16
545	3.33378e-15
546	6.91827e-16
547	-8.88557e-16
548	9.10418e-16
549	3.11143e-15
550	-7.8794e-16
551	-1.74021e-15
552	-1.62994e-15
553	2.25262e-16
554	8.10152e-16
555	1.77838e-15
556	3.6159e-16
557	7.53239e-16
558	1.68849e-15
559	-2.57605e-15
560	-6.571e-16
561	-7.33498e-18
562	8.35311e-16
563	1.75606e-15
564	1.78532e-15
565	1.04729e-15
566	1.24215e-15
567	4.22851e-16
568	-1.36271e-15
569	1.74123e-15
570	1.50551e-15
571	-1.47886e-15
572	-8.02193e-16
573	3.74467e-15
574	-8.83393e-17
575	5.49083e-16
576	-1.22435e-16
577	1.85403e-15
578	1.34511e-15
579	2.15399e-15
580	-1.18966e-15
581	-7.08483e-16
582	1.71962e-15
583	4.81035e-16
584	4.37748e-16
585	-5.17152e-16
586	6.48962e-16
587	1.1533e-15
588	-3.02313e-16
589	2.66836e-16
590	-1.03771e-14
591	-1.06041e-15
592	-5.6686e-16
593	2.09793e-16
594	2.81777e-16
595	-1.98332e-15
596	-1.79968e-15
597	1.95969e-15
598	-5.76534e-16
599	-3.33256e-15
600	-1.1954e-15
601	1.86056e-15
602	-1.64021e-15
603	2.98648e-16
604	1.0983e-15
605	9.09746e-16
606	-1.21227e-15
607	-1.95503e-15
608	-3.18933e-16
609	1.64994e-15
610	6.4543e-16
611	-1.51288e-15
612	-3.14605e-16
613	-7.92596e-16
614	-2.50907e-15
615	-6.94845e-16
616	-1.66655e-15
617	5.1106e-15
618	-1.23077e-14
619	-5.41514e-15
620	7.44198e-15
621	-2.57524e-15
622	-2.05043e-15
623	5.93037e-15
624	-1.74958e-15
625	-2.72728e-15
626	1.51922e-15
627	-1.55754e-14
628	-1.335e-15
629	-1.25328e-15
630	9.82215e-16
631	8.38183e-16
632	-2.19854e-15
633	-3.08713e-16
634	5.76043e-15
635	5.45069e-16
636	-2.37398e-15
637	-2.05144e-16
638	1.43276e-15
639	-3.76139e-15
640	1.41764e-15
641	-4.01607e-15
642	6.34231e-16
643	-2.78399e-15
644	1.17235e-16
645	0.333333
646	3.99132e-15
