0.05	0	4.94066e-324
0.05	0.0116279	-1.24704
0.05	0.0232558	-0.972164
0.05	0.0348837	-1.27666
0.05	0.0465116	-1.31709
0.05	0.0581395	-0.452673
0.05	0.0697674	-1.00608
0.05	0.0813953	-0.208654
0.05	0.0930233	-0.0771463
0.05	0.104651	-0.483155
0.05	0.116279	0.112898
0.05	0.127907	-0.0642904
0.05	0.139535	-0.091529
0.05	0.151163	0.238346
0.05	0.162791	0.0641983
0.05	0.174419	-0.0129422
0.05	0.186047	0.310337
0.05	0.197674	0.21524
0.05	0.209302	0.0289815
0.05	0.22093	0.442821
0.05	0.232558	0.202951
0.05	0.244186	0.258953
0.05	0.255814	0.644268
0.05	0.267442	0.246121
0.05	0.27907	0.454395
0.05	0.290698	0.830333
0.05	0.302326	0.558041
0.05	0.313953	0.988962
0.05	0.325581	1.43612
0.05	0.337209	1.68319
0.05	0.348837	2.53284
0.05	0.360465	2.28464
0.05	0.372093	2.31943
0.05	0.383721	2.93173
0.05	0.395349	2.56087
0.05	0.406977	2.64588
0.05	0.418605	2.91712
0.05	0.430233	2.51321
0.05	0.44186	2.86252
0.05	0.453488	2.95891
0.05	0.465116	2.5538
0.05	0.476744	2.8497
0.05	0.488372	2.88288
0.05	0.5	2.65695
0.05	0.511628	2.88288
0.05	0.523256	2.8497
0.05	0.534884	2.5538
0.05	0.546512	2.95891
0.05	0.55814	2.86252
0.05	0.569767	2.51321
0.05	0.581395	2.91712
0.05	0.593023	2.64588
0.05	0.604651	2.56087
0.05	0.616279	2.93173
0.05	0.627907	2.31943
0.05	0.639535	2.28464
0.05	0.651163	2.53284
0.05	0.662791	1.68319
0.05	0.674419	1.43612
0.05	0.686047	0.988962
0.05	0.697674	0.558041
0.05	0.709302	0.830333
0.05	0.72093	0.454395
0.05	0.732558	0.246121
0.05	0.744186	0.644268
0.05	0.755814	0.258953
0.05	0.767442	0.202951
0.05	0.77907	0.442821
0.05	0.790698	0.0289815
0.05	0.802326	0.21524
0.05	0.813953	0.310337
0.05	0.825581	-0.0129422
0.05	0.837209	0.0641983
0.05	0.848837	0.238346
0.05	0.860465	-0.091529
0.05	0.872093	-0.0642904
0.05	0.883721	0.112898
0.05	0.895349	-0.483155
0.05	0.906977	-0.0771463
0.05	0.918605	-0.208654
0.05	0.930233	-1.00608
0.05	0.94186	-0.452673
0.05	0.953488	-1.31709
0.05	0.965116	-1.27666
0.05	0.976744	-0.972164
0.05	0.988372	-1.24704
0.05	1	4.24896e-322
0.1	0	4.94066e-324
0.1	0.0116279	0.457729
0.1	0.0232558	0.129934
0.1	0.0348837	0.0243505
0.1	0.0465116	-0.0687712
0.1	0.0581395	0.476954
0.1	0.0697674	-0.0321891
0.1	0.0813953	0.29211
0.1	0.0930233	0.435865
0.1	0.104651	0.0202169
0.1	0.116279	0.307964
0.1	0.127907	0.350291
0.1	0.139535	0.084581
0.1	0.151163	0.453696
0.1	0.162791	0.316777
0.1	0.174419	0.197345
0.1	0.186047	0.46971
0.1	0.197674	0.377763
0.1	0.209302	0.216905
0.1	0.22093	0.535028
0.1	0.232558	0.360032
0.1	0.244186	0.382677
0.1	0.255814	0.689183
0.1	0.267442	0.377381
0.1	0.27907	0.546772
0.1	0.290698	0.800678
0.1	0.302326	0.621674
0.1	0.313953	0.905634
0.1	0.325581	1.24185
0.1	0.337209	1.28723
0.1	0.348837	2.05282
0.1	0.360465	2.05867
0.1	0.372093	2.03561
0.1	0.383721	2.56397
0.1	0.395349	2.32466
0.1	0.406977	2.38388
0.1	0.418605	2.62443
0.1	0.430233	2.31497
0.1	0.44186	2.56549
0.1	0.453488	2.66694
0.1	0.465116	2.3552
0.1	0.476744	2.5689
0.1	0.488372	2.63175
0.1	0.5	2.41916
0.1	0.511628	2.63175
0.1	0.523256	2.5689
0.1	0.534884	2.3552
0.1	0.546512	2.66694
0.1	0.55814	2.56549
0.1	0.569767	2.31497
0.1	0.581395	2.62443
0.1	0.593023	2.38388
0.1	0.604651	2.32466
0.1	0.616279	2.56397
0.1	0.627907	2.03561
0.1	0.639535	2.05867
0.1	0.651163	2.05282
0.1	0.662791	1.28723
0.1	0.674419	1.24185
0.1	0.686047	0.905634
0.1	0.697674	0.621674
0.1	0.709302	0.800678
0.1	0.72093	0.546772
0.1	0.732558	0.377381
0.1	0.744186	0.689183
0.1	0.755814	0.382677
0.1	0.767442	0.360032
0.1	0.77907	0.535028
0.1	0.790698	0.216905
0.1	0.802326	0.377763
0.1	0.813953	0.46971
0.1	0.825581	0.197345
0.1	0.837209	0.316777
0.1	0.848837	0.453696
0.1	0.860465	0.084581
0.1	0.872093	0.350291
0.1	0.883721	0.307964
0.1	0.895349	0.0202169
0.1	0.906977	0.435865
0.1	0.918605	0.29211
0.1	0.930233	-0.0321891
0.1	0.94186	0.476954
0.1	0.953488	-0.0687712
0.1	0.965116	0.0243505
0.1	0.976744	0.129934
0.1	0.988372	0.457729
0.1	1	4.24896e-322
0.15	0	4.94066e-324
0.15	0.0116279	1.18544
0.15	0.0232558	1.23577
0.15	0.0348837	1.43308
0.15	0.0465116	1.43252
0.15	0.0581395	1.20956
0.15	0.0697674	1.52656
0.15	0.0813953	1.00779
0.15	0.0930233	1.34525
0.15	0.104651	1.03414
0.15	0.116279	0.669139
0.15	0.127907	1.02329
0.15	0.139535	0.515116
0.15	0.151163	0.729568
0.15	0.162791	0.74016
0.15	0.174419	0.491983
0.15	0.186047	0.70137
0.15	0.197674	0.646055
0.15	0.209302	0.416658
0.15	0.22093	0.649034
0.15	0.232558	0.575147
0.15	0.244186	0.529559
0.15	0.255814	0.743928
0.15	0.267442	0.549903
0.15	0.27907	0.572265
0.15	0.290698	0.783041
0.15	0.302326	0.673476
0.15	0.313953	0.787999
0.15	0.325581	1.02012
0.15	0.337209	0.933587
0.15	0.348837	1.26197
0.15	0.360465	1.57818
0.15	0.372093	1.49913
0.15	0.383721	1.98554
0.15	0.395349	1.98102
0.15	0.406977	1.95563
0.15	0.418605	2.20507
0.15	0.430233	2.00549
0.15	0.44186	2.16185
0.15	0.453488	2.26545
0.15	0.465116	2.06952
0.15	0.476744	2.18214
0.15	0.488372	2.2844
0.15	0.5	2.08905
0.15	0.511628	2.2844
0.15	0.523256	2.18214
0.15	0.534884	2.06952
0.15	0.546512	2.26545
0.15	0.55814	2.16185
0.15	0.569767	2.00549
0.15	0.581395	2.20507
0.15	0.593023	1.95563
0.15	0.604651	1.98102
0.15	0.616279	1.98554
0.15	0.627907	1.49913
0.15	0.639535	1.57818
0.15	0.651163	1.26197
0.15	0.662791	0.933587
0.15	0.674419	1.02012
0.15	0.686047	0.787999
0.15	0.697674	0.673476
0.15	0.709302	0.783041
0.15	0.72093	0.572265
0.15	0.732558	0.549903
0.15	0.744186	0.743928
0.15	0.755814	0.529559
0.15	0.767442	0.575147
0.15	0.77907	0.649034
0.15	0.790698	0.416658
0.15	0.802326	0.646055
0.15	0.813953	0.70137
0.15	0.825581	0.491983
0.15	0.837209	0.74016
0.15	0.848837	0.729568
0.15	0.860465	0.515116
0.15	0.872093	1.02329
0.15	0.883721	0.669139
0.15	0.895349	1.03414
0.15	0.906977	1.34525
0.15	0.918605	1.00779
0.15	0.930233	1.52656
0.15	0.94186	1.20956
0.15	0.953488	1.43252
0.15	0.965116	1.43308
0.15	0.976744	1.23577
0.15	0.988372	1.18544
0.15	1	4.24896e-322
0.2	0	4.94066e-324
0.2	0.0116279	1.2737
0.2	0.0232558	1.39908
0.2	0.0348837	1.62576
0.2	0.0465116	1.81238
0.2	0.0581395	1.54637
0.2	0.0697674	2.00164
0.2	0.0813953	1.79301
0.2	0.0930233	1.74377
0.2	0.104651	2.12321
0.2	0.116279	1.62314
0.2	0.127907	1.89085
0.2	0.139535	1.74057
0.2	0.151163	1.26053
0.2	0.162791	1.43519
0.2	0.174419	1.06519
0.2	0.186047	0.991973
0.2	0.197674	1.03841
0.2	0.209302	0.69659
0.2	0.22093	0.759263
0.2	0.232558	0.791894
0.2	0.244186	0.62259
0.2	0.255814	0.759662
0.2	0.267442	0.739254
0.2	0.27907	0.567092
0.2	0.290698	0.768553
0.2	0.302326	0.615779
0.2	0.313953	0.564386
0.2	0.325581	0.802695
0.2	0.337209	0.774787
0.2	0.348837	0.635105
0.2	0.360465	1.06061
0.2	0.372093	0.811658
0.2	0.383721	1.01223
0.2	0.395349	1.4653
0.2	0.406977	1.24165
0.2	0.418605	1.73696
0.2	0.430233	1.67032
0.2	0.44186	1.61005
0.2	0.453488	1.83929
0.2	0.465116	1.68506
0.2	0.476744	1.80061
0.2	0.488372	1.91377
0.2	0.5	1.72368
0.2	0.511628	1.91377
0.2	0.523256	1.80061
0.2	0.534884	1.68506
0.2	0.546512	1.83929
0.2	0.55814	1.61005
0.2	0.569767	1.67032
0.2	0.581395	1.73696
0.2	0.593023	1.24165
0.2	0.604651	1.4653
0.2	0.616279	1.01223
0.2	0.627907	0.811658
0.2	0.639535	1.06061
0.2	0.651163	0.635105
0.2	0.662791	0.774787
0.2	0.674419	0.802695
0.2	0.686047	0.564386
0.2	0.697674	0.615779
0.2	0.709302	0.768553
0.2	0.72093	0.567092
0.2	0.732558	0.739254
0.2	0.744186	0.759662
0.2	0.755814	0.62259
0.2	0.767442	0.791894
0.2	0.77907	0.759263
0.2	0.790698	0.69659
0.2	0.802326	1.03841
0.2	0.813953	0.991973
0.2	0.825581	1.06519
0.2	0.837209	1.43519
0.2	0.848837	1.26053
0.2	0.860465	1.74057
0.2	0.872093	1.89085
0.2	0.883721	1.62314
0.2	0.895349	2.12321
0.2	0.906977	1.74377
0.2	0.918605	1.79301
0.2	0.930233	2.00164
0.2	0.94186	1.54637
0.2	0.953488	1.81238
0.2	0.965116	1.62576
0.2	0.976744	1.39908
0.2	0.988372	1.2737
0.2	1	4.24896e-322
0.25	0	4.94066e-324
0.25	0.0116279	1.28893
0.25	0.0232558	1.47419
0.25	0.0348837	1.68073
0.25	0.0465116	1.94954
0.25	0.0581395	1.65031
0.25	0.0697674	2.19402
0.25	0.0813953	1.99798
0.25	0.0930233	1.94566
0.25	0.104651	2.38115
0.25	0.116279	2.01144
0.25	0.127907	2.2432
0.25	0.139535	2.32671
0.25	0.151163	1.94878
0.25	0.162791	2.10076
0.25	0.174419	2.07471
0.25	0.186047	1.53329
0.25	0.197674	1.4472
0.25	0.209302	1.08333
0.25	0.22093	0.865663
0.25	0.232558	1.03089
0.25	0.244186	0.701434
0.25	0.255814	0.729531
0.25	0.267442	0.820071
0.25	0.27907	0.622881
0.25	0.290698	0.632125
0.25	0.302326	0.622712
0.25	0.313953	0.458906
0.25	0.325581	0.64617
0.25	0.337209	0.651266
0.25	0.348837	0.389403
0.25	0.360465	0.631961
0.25	0.372093	0.647533
0.25	0.383721	0.362464
0.25	0.395349	0.790037
0.25	0.406977	0.465375
0.25	0.418605	0.770679
0.25	0.430233	1.14076
0.25	0.44186	0.792545
0.25	0.453488	1.29002
0.25	0.465116	1.19684
0.25	0.476744	1.46076
0.25	0.488372	1.61113
0.25	0.5	1.26923
0.25	0.511628	1.61113
0.25	0.523256	1.46076
0.25	0.534884	1.19684
0.25	0.546512	1.29002
0.25	0.55814	0.792545
0.25	0.569767	1.14076
0.25	0.581395	0.770679
0.25	0.593023	0.465375
0.25	0.604651	0.790037
0.25	0.616279	0.362464
0.25	0.627907	0.647533
0.25	0.639535	0.631961
0.25	0.651163	0.389403
0.25	0.662791	0.651266
0.25	0.674419	0.64617
0.25	0.686047	0.458906
0.25	0.697674	0.622712
0.25	0.709302	0.632125
0.25	0.72093	0.622881
0.25	0.732558	0.820071
0.25	0.744186	0.729531
0.25	0.755814	0.701434
0.25	0.767442	1.03089
0.25	0.77907	0.865663
0.25	0.790698	1.08333
0.25	0.802326	1.4472
0.25	0.813953	1.53329
0.25	0.825581	2.07471
0.25	0.837209	2.10076
0.25	0.848837	1.94878
0.25	0.860465	2.32671
0.25	0.872093	2.2432
0.25	0.883721	2.01144
0.25	0.895349	2.38115
0.25	0.906977	1.94566
0.25	0.918605	1.99798
0.25	0.930233	2.19402
0.25	0.94186	1.65031
0.25	0.953488	1.94954
0.25	0.965116	1.68073
0.25	0.976744	1.47419
0.25	0.988372	1.28893
0.25	1	4.24896e-322
0.3	0	4.94066e-324
0.3	0.0116279	1.26555
0.3	0.0232558	1.49077
0.3	0.0348837	1.68419
0.3	0.0465116	1.99545
0.3	0.0581395	1.67341
0.3	0.0697674	2.25425
0.3	0.0813953	2.05396
0.3	0.0930233	1.98977
0.3	0.104651	2.45897
0.3	0.116279	2.09809
0.3	0.127907	2.36886
0.3	0.139535	2.39919
0.3	0.151163	2.12929
0.3	0.162791	2.2357
0.3	0.174419	2.38044
0.3	0.186047	1.86771
0.3	0.197674	1.66441
0.3	0.209302	1.27587
0.3	0.22093	0.937717
0.3	0.232558	1.08502
0.3	0.244186	0.760804
0.3	0.255814	0.700988
0.3	0.267442	0.855141
0.3	0.27907	0.616229
0.3	0.290698	0.563493
0.3	0.302326	0.593493
0.3	0.313953	0.452467
0.3	0.325581	0.537426
0.3	0.337209	0.621081
0.3	0.348837	0.249873
0.3	0.360465	0.443472
0.3	0.372093	0.539733
0.3	0.383721	0.206399
0.3	0.395349	0.433985
0.3	0.406977	0.318375
0.3	0.418605	0.239645
0.3	0.430233	0.550732
0.3	0.44186	0.329859
0.3	0.453488	0.297723
0.3	0.465116	0.388019
0.3	0.476744	0.79241
0.3	0.488372	1.10861
0.3	0.5	0.701242
0.3	0.511628	1.10861
0.3	0.523256	0.79241
0.3	0.534884	0.388019
0.3	0.546512	0.297723
0.3	0.55814	0.329859
0.3	0.569767	0.550732
0.3	0.581395	0.239645
0.3	0.593023	0.318375
0.3	0.604651	0.433985
0.3	0.616279	0.206399
0.3	0.627907	0.539733
0.3	0.639535	0.443472
0.3	0.651163	0.249873
0.3	0.662791	0.621081
0.3	0.674419	0.537426
0.3	0.686047	0.452467
0.3	0.697674	0.593493
0.3	0.709302	0.563493
0.3	0.72093	0.616229
0.3	0.732558	0.855141
0.3	0.744186	0.700988
0.3	0.755814	0.760804
0.3	0.767442	1.08502
0.3	0.77907	0.937717
0.3	0.790698	1.27587
0.3	0.802326	1.66441
0.3	0.813953	1.86771
0.3	0.825581	2.38044
0.3	0.837209	2.2357
0.3	0.848837	2.12929
0.3	0.860465	2.39919
0.3	0.872093	2.36886
0.3	0.883721	2.09809
0.3	0.895349	2.45897
0.3	0.906977	1.98977
0.3	0.918605	2.05396
0.3	0.930233	2.25425
0.3	0.94186	1.67341
0.3	0.953488	1.99545
0.3	0.965116	1.68419
0.3	0.976744	1.49077
0.3	0.988372	1.26555
0.3	1	4.24896e-322
0.35	0	4.94066e-324
0.35	0.0116279	1.18483
0.35	0.0232558	1.47679
0.35	0.0348837	1.62433
0.35	0.0465116	1.99881
0.35	0.0581395	1.59437
0.35	0.0697674	2.22452
0.35	0.0813953	2.00019
0.35	0.0930233	1.92982
0.35	0.104651	2.37805
0.35	0.116279	2.01221
0.35	0.127907	2.24763
0.35	0.139535	2.29025
0.35	0.151163	1.96816
0.35	0.162791	2.04266
0.35	0.174419	1.99352
0.35	0.186047	1.47132
0.35	0.197674	1.28767
0.35	0.209302	1.09042
0.35	0.22093	0.786081
0.35	0.232558	0.934543
0.35	0.244186	0.724967
0.35	0.255814	0.584291
0.35	0.267442	0.785511
0.35	0.27907	0.575329
0.35	0.290698	0.481622
0.35	0.302326	0.569523
0.35	0.313953	0.424781
0.35	0.325581	0.458114
0.35	0.337209	0.604404
0.35	0.348837	0.225806
0.35	0.360465	0.386518
0.35	0.372093	0.549157
0.35	0.383721	0.152507
0.35	0.395349	0.392274
0.35	0.406977	0.371028
0.35	0.418605	0.0954118
0.35	0.430233	0.45117
0.35	0.44186	0.441076
0.35	0.453488	-0.26659
0.35	0.465116	0.206319
0.35	0.476744	0.275839
0.35	0.488372	-0.583108
0.35	0.5	-0.659988
0.35	0.511628	-0.583108
0.35	0.523256	0.275839
0.35	0.534884	0.206319
0.35	0.546512	-0.26659
0.35	0.55814	0.441076
0.35	0.569767	0.45117
0.35	0.581395	0.0954118
0.35	0.593023	0.371028
0.35	0.604651	0.392274
0.35	0.616279	0.152507
0.35	0.627907	0.549157
0.35	0.639535	0.386518
0.35	0.651163	0.225806
0.35	0.662791	0.604404
0.35	0.674419	0.458114
0.35	0.686047	0.424781
0.35	0.697674	0.569523
0.35	0.709302	0.481622
0.35	0.72093	0.575329
0.35	0.732558	0.785511
0.35	0.744186	0.584291
0.35	0.755814	0.724967
0.35	0.767442	0.934543
0.35	0.77907	0.786081
0.35	0.790698	1.09042
0.35	0.802326	1.28767
0.35	0.813953	1.47132
0.35	0.825581	1.99352
0.35	0.837209	2.04266
0.35	0.848837	1.96816
0.35	0.860465	2.29025
0.35	0.872093	2.24763
0.35	0.883721	2.01221
0.35	0.895349	2.37805
0.35	0.906977	1.92982
0.35	0.918605	2.00019
0.35	0.930233	2.22452
0.35	0.94186	1.59437
0.35	0.953488	1.99881
0.35	0.965116	1.62433
0.35	0.976744	1.47679
0.35	0.988372	1.18483
0.35	1	4.24896e-322
0.4	0	4.94066e-324
0.4	0.0116279	1.08085
0.4	0.0232558	1.40659
0.4	0.0348837	1.51941
0.4	0.0465116	1.92888
0.4	0.0581395	1.42698
0.4	0.0697674	2.09771
0.4	0.0813953	1.83211
0.4	0.0930233	1.69684
0.4	0.104651	2.14674
0.4	0.116279	1.66368
0.4	0.127907	1.90319
0.4	0.139535	1.70276
0.4	0.151163	1.30359
0.4	0.162791	1.21291
0.4	0.174419	1.09447
0.4	0.186047	0.822405
0.4	0.197674	0.814246
0.4	0.209302	0.737438
0.4	0.22093	0.526109
0.4	0.232558	0.6261
0.4	0.244186	0.631544
0.4	0.255814	0.3287
0.4	0.267442	0.65901
0.4	0.27907	0.432328
0.4	0.290698	0.361937
0.4	0.302326	0.448988
0.4	0.313953	0.395406
0.4	0.325581	0.253483
0.4	0.337209	0.601525
0.4	0.348837	0.140669
0.4	0.360465	0.300234
0.4	0.372093	0.48792
0.4	0.383721	0.158381
0.4	0.395349	0.245913
0.4	0.406977	0.535057
0.4	0.418605	-0.032594
0.4	0.430233	0.334269
0.4	0.44186	0.525787
0.4	0.453488	-0.810453
0.4	0.465116	0.54606
0.4	0.476744	-0.536258
0.4	0.488372	-1.3943
0.4	0.5	-0.360474
0.4	0.511628	-1.3943
0.4	0.523256	-0.536258
0.4	0.534884	0.54606
0.4	0.546512	-0.810453
0.4	0.55814	0.525787
0.4	0.569767	0.334269
0.4	0.581395	-0.032594
0.4	0.593023	0.535057
0.4	0.604651	0.245913
0.4	0.616279	0.158381
0.4	0.627907	0.48792
0.4	0.639535	0.300234
0.4	0.651163	0.140669
0.4	0.662791	0.601525
0.4	0.674419	0.253483
0.4	0.686047	0.395406
0.4	0.697674	0.448988
0.4	0.709302	0.361937
0.4	0.72093	0.432328
0.4	0.732558	0.65901
0.4	0.744186	0.3287
0.4	0.755814	0.631544
0.4	0.767442	0.6261
0.4	0.77907	0.526109
0.4	0.790698	0.737438
0.4	0.802326	0.814246
0.4	0.813953	0.822405
0.4	0.825581	1.09447
0.4	0.837209	1.21291
0.4	0.848837	1.30359
0.4	0.860465	1.70276
0.4	0.872093	1.90319
0.4	0.883721	1.66368
0.4	0.895349	2.14674
0.4	0.906977	1.69684
0.4	0.918605	1.83211
0.4	0.930233	2.09771
0.4	0.94186	1.42698
0.4	0.953488	1.92888
0.4	0.965116	1.51941
0.4	0.976744	1.40659
0.4	0.988372	1.08085
0.4	1	4.24896e-322
0.45	0	4.94066e-324
0.45	0.0116279	0.886162
0.45	0.0232558	1.23168
0.45	0.0348837	1.23771
0.45	0.0465116	1.68404
0.45	0.0581395	0.812597
0.45	0.0697674	1.8277
0.45	0.0813953	1.13863
0.45	0.0930233	1.12738
0.45	0.104651	1.16502
0.45	0.116279	0.649407
0.45	0.127907	0.804315
0.45	0.139535	0.5372
0.45	0.151163	0.471609
0.45	0.162791	0.42374
0.45	0.174419	0.56101
0.45	0.186047	0.339104
0.45	0.197674	0.342984
0.45	0.209302	0.432874
0.45	0.22093	0.163564
0.45	0.232558	0.313992
0.45	0.244186	0.465029
0.45	0.255814	0.0543529
0.45	0.267442	0.395794
0.45	0.27907	0.322094
0.45	0.290698	0.0944316
0.45	0.302326	0.319281
0.45	0.313953	0.359789
0.45	0.325581	0.00307446
0.45	0.337209	0.472096
0.45	0.348837	0.118733
0.45	0.360465	0.0702486
0.45	0.372093	0.450752
0.45	0.383721	0.127986
0.45	0.395349	-0.00560842
0.45	0.406977	0.605101
0.45	0.418605	-0.210562
0.45	0.430233	0.16364
0.45	0.44186	0.387766
0.45	0.453488	-0.786414
0.45	0.465116	0.611695
0.45	0.476744	-0.637367
0.45	0.488372	-1.2621
0.45	0.5	-0.0888229
0.45	0.511628	-1.2621
0.45	0.523256	-0.637367
0.45	0.534884	0.611695
0.45	0.546512	-0.786414
0.45	0.55814	0.387766
0.45	0.569767	0.16364
0.45	0.581395	-0.210562
0.45	0.593023	0.605101
0.45	0.604651	-0.00560842
0.45	0.616279	0.127986
0.45	0.627907	0.450752
0.45	0.639535	0.0702486
0.45	0.651163	0.118733
0.45	0.662791	0.472096
0.45	0.674419	0.00307446
0.45	0.686047	0.359789
0.45	0.697674	0.319281
0.45	0.709302	0.0944316
0.45	0.72093	0.322094
0.45	0.732558	0.395794
0.45	0.744186	0.0543529
0.45	0.755814	0.465029
0.45	0.767442	0.313992
0.45	0.77907	0.163564
0.45	0.790698	0.432874
0.45	0.802326	0.342984
0.45	0.813953	0.339104
0.45	0.825581	0.56101
0.45	0.837209	0.42374
0.45	0.848837	0.471609
0.45	0.860465	0.5372
0.45	0.872093	0.804315
0.45	0.883721	0.649407
0.45	0.895349	1.16502
0.45	0.906977	1.12738
0.45	0.918605	1.13863
0.45	0.930233	1.8277
0.45	0.94186	0.812597
0.45	0.953488	1.68404
0.45	0.965116	1.23771
0.45	0.976744	1.23168
0.45	0.988372	0.886162
0.45	1	4.24896e-322
0.5	0	4.94066e-324
0.5	0.0116279	-0.852462
0.5	0.0232558	-0.343894
0.5	0.0348837	0.162695
0.5	0.0465116	0.286149
0.5	0.0581395	-0.724347
0.5	0.0697674	0.692964
0.5	0.0813953	-0.584322
0.5	0.0930233	0.194826
0.5	0.104651	-0.0348791
0.5	0.116279	-0.0234928
0.5	0.127907	-0.128851
0.5	0.139535	0.134227
0.5	0.151163	-0.106386
0.5	0.162791	-0.0376429
0.5	0.174419	0.0717124
0.5	0.186047	-0.0350664
0.5	0.197674	-0.150031
0.5	0.209302	0.270234
0.5	0.22093	-0.231822
0.5	0.232558	0.00643168
0.5	0.244186	0.193008
0.5	0.255814	-0.267694
0.5	0.267442	0.0961514
0.5	0.27907	0.105687
0.5	0.290698	-0.218886
0.5	0.302326	0.0822245
0.5	0.313953	0.152166
0.5	0.325581	-0.294298
0.5	0.337209	0.266039
0.5	0.348837	-0.114084
0.5	0.360465	-0.151175
0.5	0.372093	0.240926
0.5	0.383721	-0.0818627
0.5	0.395349	-0.245664
0.5	0.406977	0.480529
0.5	0.418605	-0.522368
0.5	0.430233	0.253964
0.5	0.44186	0.105491
0.5	0.453488	-0.484199
0.5	0.465116	0.650919
0.5	0.476744	-0.379105
0.5	0.488372	-0.523581
0.5	0.5	0.580292
0.5	0.511628	-0.523581
0.5	0.523256	-0.379105
0.5	0.534884	0.650919
0.5	0.546512	-0.484199
0.5	0.55814	0.105491
0.5	0.569767	0.253964
0.5	0.581395	-0.522368
0.5	0.593023	0.480529
0.5	0.604651	-0.245664
0.5	0.616279	-0.0818627
0.5	0.627907	0.240926
0.5	0.639535	-0.151175
0.5	0.651163	-0.114084
0.5	0.662791	0.266039
0.5	0.674419	-0.294298
0.5	0.686047	0.152166
0.5	0.697674	0.0822245
0.5	0.709302	-0.218886
0.5	0.72093	0.105687
0.5	0.732558	0.0961514
0.5	0.744186	-0.267694
0.5	0.755814	0.193008
0.5	0.767442	0.00643168
0.5	0.77907	-0.231822
0.5	0.790698	0.270234
0.5	0.802326	-0.150031
0.5	0.813953	-0.0350664
0.5	0.825581	0.0717124
0.5	0.837209	-0.0376429
0.5	0.848837	-0.106386
0.5	0.860465	0.134227
0.5	0.872093	-0.128851
0.5	0.883721	-0.0234928
0.5	0.895349	-0.0348791
0.5	0.906977	0.194826
0.5	0.918605	-0.584322
0.5	0.930233	0.692964
0.5	0.94186	-0.724347
0.5	0.953488	0.286149
0.5	0.965116	0.162695
0.5	0.976744	-0.343894
0.5	0.988372	-0.852462
0.5	1	4.24896e-322
0.55	0	4.94066e-324
0.55	0.0116279	-1.24401
0.55	0.0232558	-1.34335
0.55	0.0348837	-1.61904
0.55	0.0465116	-0.938591
0.55	0.0581395	-1.84163
0.55	0.0697674	-1.30041
0.55	0.0813953	-1.24424
0.55	0.0930233	-1.55047
0.55	0.104651	-0.817037
0.55	0.116279	-0.890058
0.55	0.127907	-0.81381
0.55	0.139535	-0.540989
0.55	0.151163	-0.585456
0.55	0.162791	-0.694134
0.55	0.174419	-0.194962
0.55	0.186047	-0.444499
0.55	0.197674	-0.589184
0.55	0.209302	-0.000854367
0.55	0.22093	-0.613089
0.55	0.232558	-0.335496
0.55	0.244186	-0.0493251
0.55	0.255814	-0.639235
0.55	0.267442	-0.186704
0.55	0.27907	-0.0437925
0.55	0.290698	-0.557055
0.55	0.302326	-0.13707
0.55	0.313953	-0.123803
0.55	0.325581	-0.565073
0.55	0.337209	0.0406209
0.55	0.348837	-0.328026
0.55	0.360465	-0.447427
0.55	0.372093	0.0966981
0.55	0.383721	-0.397376
0.55	0.395349	-0.41586
0.55	0.406977	0.244077
0.55	0.418605	-0.825649
0.55	0.430233	0.294294
0.55	0.44186	-0.206937
0.55	0.453488	-0.343155
0.55	0.465116	0.564133
0.55	0.476744	-0.203318
0.55	0.488372	0.915383
0.55	0.5	1.01156
0.55	0.511628	0.915383
0.55	0.523256	-0.203318
0.55	0.534884	0.564133
0.55	0.546512	-0.343155
0.55	0.55814	-0.206937
0.55	0.569767	0.294294
0.55	0.581395	-0.825649
0.55	0.593023	0.244077
0.55	0.604651	-0.41586
0.55	0.616279	-0.397376
0.55	0.627907	0.0966981
0.55	0.639535	-0.447427
0.55	0.651163	-0.328026
0.55	0.662791	0.0406209
0.55	0.674419	-0.565073
0.55	0.686047	-0.123803
0.55	0.697674	-0.13707
0.55	0.709302	-0.557055
0.55	0.72093	-0.0437925
0.55	0.732558	-0.186704
0.55	0.744186	-0.639235
0.55	0.755814	-0.0493251
0.55	0.767442	-0.335496
0.55	0.77907	-0.613089
0.55	0.790698	-0.000854367
0.55	0.802326	-0.589184
0.55	0.813953	-0.444499
0.55	0.825581	-0.194962
0.55	0.837209	-0.694134
0.55	0.848837	-0.585456
0.55	0.860465	-0.540989
0.55	0.872093	-0.81381
0.55	0.883721	-0.890058
0.55	0.895349	-0.817037
0.55	0.906977	-1.55047
0.55	0.918605	-1.24424
0.55	0.930233	-1.30041
0.55	0.94186	-1.84163
0.55	0.953488	-0.938591
0.55	0.965116	-1.61904
0.55	0.976744	-1.34335
0.55	0.988372	-1.24401
0.55	1	4.24896e-322
0.6	0	4.94066e-324
0.6	0.0116279	-1.29561
0.6	0.0232558	-1.4955
0.6	0.0348837	-1.8204
0.6	0.0465116	-1.30084
0.6	0.0581395	-2.10162
0.6	0.0697674	-1.75776
0.6	0.0813953	-1.70516
0.6	0.0930233	-2.18083
0.6	0.104651	-1.85187
0.6	0.116279	-1.72095
0.6	0.127907	-1.96202
0.6	0.139535	-1.58292
0.6	0.151163	-1.33795
0.6	0.162791	-1.60202
0.6	0.174419	-0.803426
0.6	0.186047	-0.80397
0.6	0.197674	-1.22796
0.6	0.209302	-0.220925
0.6	0.22093	-1.09288
0.6	0.232558	-0.603587
0.6	0.244186	-0.272136
0.6	0.255814	-0.955346
0.6	0.267442	-0.455238
0.6	0.27907	-0.108403
0.6	0.290698	-0.915002
0.6	0.302326	-0.199441
0.6	0.313953	-0.251732
0.6	0.325581	-0.766585
0.6	0.337209	-0.0708208
0.6	0.348837	-0.363276
0.6	0.360465	-0.757912
0.6	0.372093	0.151842
0.6	0.383721	-0.566211
0.6	0.395349	-0.522315
0.6	0.406977	0.168842
0.6	0.418605	-0.993223
0.6	0.430233	0.175774
0.6	0.44186	-0.381226
0.6	0.453488	-0.236096
0.6	0.465116	0.309588
0.6	0.476744	0.280432
0.6	0.488372	0.964821
0.6	0.5	1.07567
0.6	0.511628	0.964821
0.6	0.523256	0.280432
0.6	0.534884	0.309588
0.6	0.546512	-0.236096
0.6	0.55814	-0.381226
0.6	0.569767	0.175774
0.6	0.581395	-0.993223
0.6	0.593023	0.168842
0.6	0.604651	-0.522315
0.6	0.616279	-0.566211
0.6	0.627907	0.151842
0.6	0.639535	-0.757912
0.6	0.651163	-0.363276
0.6	0.662791	-0.0708208
0.6	0.674419	-0.766585
0.6	0.686047	-0.251732
0.6	0.697674	-0.199441
0.6	0.709302	-0.915002
0.6	0.72093	-0.108403
0.6	0.732558	-0.455238
0.6	0.744186	-0.955346
0.6	0.755814	-0.272136
0.6	0.767442	-0.603587
0.6	0.77907	-1.09288
0.6	0.790698	-0.220925
0.6	0.802326	-1.22796
0.6	0.813953	-0.80397
0.6	0.825581	-0.803426
0.6	0.837209	-1.60202
0.6	0.848837	-1.33795
0.6	0.860465	-1.58292
0.6	0.872093	-1.96202
0.6	0.883721	-1.72095
0.6	0.895349	-1.85187
0.6	0.906977	-2.18083
0.6	0.918605	-1.70516
0.6	0.930233	-1.75776
0.6	0.94186	-2.10162
0.6	0.953488	-1.30084
0.6	0.965116	-1.8204
0.6	0.976744	-1.4955
0.6	0.988372	-1.29561
0.6	1	4.24896e-322
0.65	0	4.94066e-324
0.65	0.0116279	-1.33288
0.65	0.0232558	-1.55426
0.65	0.0348837	-1.89288
0.65	0.0465116	-1.38492
0.65	0.0581395	-2.2293
0.65	0.0697674	-1.85672
0.65	0.0813953	-1.87729
0.65	0.0930233	-2.36633
0.65	0.104651	-2.07812
0.65	0.116279	-2.05083
0.65	0.127907	-2.33647
0.65	0.139535	-2.06436
0.65	0.151163	-1.89104
0.65	0.162791	-2.41233
0.65	0.174419	-1.78074
0.65	0.186047	-1.05653
0.65	0.197674	-2.07988
0.65	0.209302	-0.530501
0.65	0.22093	-1.52943
0.65	0.232558	-0.845052
0.65	0.244186	-0.408301
0.65	0.255814	-1.27509
0.65	0.267442	-0.608784
0.65	0.27907	-0.222946
0.65	0.290698	-1.15149
0.65	0.302326	-0.212741
0.65	0.313953	-0.38614
0.65	0.325581	-0.8586
0.65	0.337209	-0.0749278
0.65	0.348837	-0.433937
0.65	0.360465	-0.917808
0.65	0.372093	0.219182
0.65	0.383721	-0.778345
0.65	0.395349	-0.311946
0.65	0.406977	0.15905
0.65	0.418605	-1.1453
0.65	0.430233	0.132106
0.65	0.44186	-0.391166
0.65	0.453488	-0.291729
0.65	0.465116	0.443176
0.65	0.476744	0.207019
0.65	0.488372	-0.48926
0.65	0.5	0.837322
0.65	0.511628	-0.48926
0.65	0.523256	0.207019
0.65	0.534884	0.443176
0.65	0.546512	-0.291729
0.65	0.55814	-0.391166
0.65	0.569767	0.132106
0.65	0.581395	-1.1453
0.65	0.593023	0.15905
0.65	0.604651	-0.311946
0.65	0.616279	-0.778345
0.65	0.627907	0.219182
0.65	0.639535	-0.917808
0.65	0.651163	-0.433937
0.65	0.662791	-0.0749278
0.65	0.674419	-0.8586
0.65	0.686047	-0.38614
0.65	0.697674	-0.212741
0.65	0.709302	-1.15149
0.65	0.72093	-0.222946
0.65	0.732558	-0.608784
0.65	0.744186	-1.27509
0.65	0.755814	-0.408301
0.65	0.767442	-0.845052
0.65	0.77907	-1.52943
0.65	0.790698	-0.530501
0.65	0.802326	-2.07988
0.65	0.813953	-1.05653
0.65	0.825581	-1.78074
0.65	0.837209	-2.41233
0.65	0.848837	-1.89104
0.65	0.860465	-2.06436
0.65	0.872093	-2.33647
0.65	0.883721	-2.05083
0.65	0.895349	-2.07812
0.65	0.906977	-2.36633
0.65	0.918605	-1.87729
0.65	0.930233	-1.85672
0.65	0.94186	-2.2293
0.65	0.953488	-1.38492
0.65	0.965116	-1.89288
0.65	0.976744	-1.55426
0.65	0.988372	-1.33288
0.65	1	4.24896e-322
0.7	0	4.94066e-324
0.7	0.0116279	-1.31669
0.7	0.0232558	-1.59462
0.7	0.0348837	-1.89775
0.7	0.0465116	-1.38962
0.7	0.0581395	-2.28675
0.7	0.0697674	-1.8608
0.7	0.0813953	-1.9433
0.7	0.0930233	-2.42509
0.7	0.104651	-2.0949
0.7	0.116279	-2.16259
0.7	0.127907	-2.43251
0.7	0.139535	-2.11613
0.7	0.151163	-2.07438
0.7	0.162791	-2.59805
0.7	0.174419	-2.13925
0.7	0.186047	-1.36904
0.7	0.197674	-2.30315
0.7	0.209302	-0.754613
0.7	0.22093	-1.61031
0.7	0.232558	-0.955553
0.7	0.244186	-0.40822
0.7	0.255814	-1.66647
0.7	0.267442	-0.602341
0.7	0.27907	-0.341804
0.7	0.290698	-1.17626
0.7	0.302326	-0.274427
0.7	0.313953	-0.434078
0.7	0.325581	-1.01186
0.7	0.337209	-0.0111355
0.7	0.348837	-0.593507
0.7	0.360465	-0.896481
0.7	0.372093	0.148689
0.7	0.383721	-1.00125
0.7	0.395349	-0.212881
0.7	0.406977	-0.0784497
0.7	0.418605	-1.4448
0.7	0.430233	0.352364
0.7	0.44186	-0.648315
0.7	0.453488	-0.368237
0.7	0.465116	0.128848
0.7	0.476744	-0.924842
0.7	0.488372	-1.14897
0.7	0.5	-0.785915
0.7	0.511628	-1.14897
0.7	0.523256	-0.924842
0.7	0.534884	0.128848
0.7	0.546512	-0.368237
0.7	0.55814	-0.648315
0.7	0.569767	0.352364
0.7	0.581395	-1.4448
0.7	0.593023	-0.0784497
0.7	0.604651	-0.212881
0.7	0.616279	-1.00125
0.7	0.627907	0.148689
0.7	0.639535	-0.896481
0.7	0.651163	-0.593507
0.7	0.662791	-0.0111355
0.7	0.674419	-1.01186
0.7	0.686047	-0.434078
0.7	0.697674	-0.274427
0.7	0.709302	-1.17626
0.7	0.72093	-0.341804
0.7	0.732558	-0.602341
0.7	0.744186	-1.66647
0.7	0.755814	-0.40822
0.7	0.767442	-0.955553
0.7	0.77907	-1.61031
0.7	0.790698	-0.754613
0.7	0.802326	-2.30315
0.7	0.813953	-1.36904
0.7	0.825581	-2.13925
0.7	0.837209	-2.59805
0.7	0.848837	-2.07438
0.7	0.860465	-2.11613
0.7	0.872093	-2.43251
0.7	0.883721	-2.16259
0.7	0.895349	-2.0949
0.7	0.906977	-2.42509
0.7	0.918605	-1.9433
0.7	0.930233	-1.8608
0.7	0.94186	-2.28675
0.7	0.953488	-1.38962
0.7	0.965116	-1.89775
0.7	0.976744	-1.59462
0.7	0.988372	-1.31669
0.7	1	4.24896e-322
0.75	0	4.94066e-324
0.75	0.0116279	-1.18781
0.75	0.0232558	-1.60396
0.75	0.0348837	-1.84199
0.75	0.0465116	-1.30611
0.75	0.0581395	-2.30095
0.75	0.0697674	-1.74371
0.75	0.0813953	-1.92124
0.75	0.0930233	-2.36684
0.75	0.104651	-1.97525
0.75	0.116279	-2.10733
0.75	0.127907	-2.30336
0.75	0.139535	-1.88427
0.75	0.151163	-1.92162
0.75	0.162791	-2.54852
0.75	0.174419	-1.77755
0.75	0.186047	-1.33036
0.75	0.197674	-1.76511
0.75	0.209302	-0.612952
0.75	0.22093	-1.49881
0.75	0.232558	-0.892092
0.75	0.244186	-0.40842
0.75	0.255814	-1.53567
0.75	0.267442	-0.603936
0.75	0.27907	-0.338955
0.75	0.290698	-1.2577
0.75	0.302326	-0.263123
0.75	0.313953	-0.56657
0.75	0.325581	-1.1497
0.75	0.337209	-0.0326072
0.75	0.348837	-0.808638
0.75	0.360465	-0.982037
0.75	0.372093	-0.0558772
0.75	0.383721	-1.59549
0.75	0.395349	-0.085095
0.75	0.406977	-0.59731
0.75	0.418605	-1.49552
0.75	0.430233	-0.109236
0.75	0.44186	-1.29702
0.75	0.453488	-0.830662
0.75	0.465116	-1.28858
0.75	0.476744	-1.52882
0.75	0.488372	-1.55085
0.75	0.5	-1.45131
0.75	0.511628	-1.55085
0.75	0.523256	-1.52882
0.75	0.534884	-1.28858
0.75	0.546512	-0.830662
0.75	0.55814	-1.29702
0.75	0.569767	-0.109236
0.75	0.581395	-1.49552
0.75	0.593023	-0.59731
0.75	0.604651	-0.085095
0.75	0.616279	-1.59549
0.75	0.627907	-0.0558772
0.75	0.639535	-0.982037
0.75	0.651163	-0.808638
0.75	0.662791	-0.0326072
0.75	0.674419	-1.1497
0.75	0.686047	-0.56657
0.75	0.697674	-0.263123
0.75	0.709302	-1.2577
0.75	0.72093	-0.338955
0.75	0.732558	-0.603936
0.75	0.744186	-1.53567
0.75	0.755814	-0.40842
0.75	0.767442	-0.892092
0.75	0.77907	-1.49881
0.75	0.790698	-0.612952
0.75	0.802326	-1.76511
0.75	0.813953	-1.33036
0.75	0.825581	-1.77755
0.75	0.837209	-2.54852
0.75	0.848837	-1.92162
0.75	0.860465	-1.88427
0.75	0.872093	-2.30336
0.75	0.883721	-2.10733
0.75	0.895349	-1.97525
0.75	0.906977	-2.36684
0.75	0.918605	-1.92124
0.75	0.930233	-1.74371
0.75	0.94186	-2.30095
0.75	0.953488	-1.30611
0.75	0.965116	-1.84199
0.75	0.976744	-1.60396
0.75	0.988372	-1.18781
0.75	1	4.24896e-322
0.8	0	4.94066e-324
0.8	0.0116279	-1.04339
0.8	0.0232558	-1.64785
0.8	0.0348837	-1.64435
0.8	0.0465116	-0.884246
0.8	0.0581395	-2.27545
0.8	0.0697674	-1.44067
0.8	0.0813953	-1.74522
0.8	0.0930233	-2.13166
0.8	0.104651	-1.5485
0.8	0.116279	-1.81728
0.8	0.127907	-1.73148
0.8	0.139535	-1.04009
0.8	0.151163	-1.69726
0.8	0.162791	-1.76629
0.8	0.174419	-0.836769
0.8	0.186047	-1.04109
0.8	0.197674	-1.04838
0.8	0.209302	-0.404147
0.8	0.22093	-1.16594
0.8	0.232558	-0.774441
0.8	0.244186	-0.26486
0.8	0.255814	-1.42435
0.8	0.267442	-0.454708
0.8	0.27907	-0.408055
0.8	0.290698	-1.2842
0.8	0.302326	-0.330786
0.8	0.313953	-0.787436
0.8	0.325581	-1.63323
0.8	0.337209	-0.0463664
0.8	0.348837	-1.50927
0.8	0.360465	-0.879767
0.8	0.372093	-0.962921
0.8	0.383721	-2.60831
0.8	0.395349	0.114702
0.8	0.406977	-1.35126
0.8	0.418605	-1.4719
0.8	0.430233	-1.22898
0.8	0.44186	-2.06574
0.8	0.453488	-1.42748
0.8	0.465116	-1.95233
0.8	0.476744	-1.76902
0.8	0.488372	-1.89535
0.8	0.5	-1.85076
0.8	0.511628	-1.89535
0.8	0.523256	-1.76902
0.8	0.534884	-1.95233
0.8	0.546512	-1.42748
0.8	0.55814	-2.06574
0.8	0.569767	-1.22898
0.8	0.581395	-1.4719
0.8	0.593023	-1.35126
0.8	0.604651	0.114702
0.8	0.616279	-2.60831
0.8	0.627907	-0.962921
0.8	0.639535	-0.879767
0.8	0.651163	-1.50927
0.8	0.662791	-0.0463664
0.8	0.674419	-1.63323
0.8	0.686047	-0.787436
0.8	0.697674	-0.330786
0.8	0.709302	-1.2842
0.8	0.72093	-0.408055
0.8	0.732558	-0.454708
0.8	0.744186	-1.42435
0.8	0.755814	-0.26486
0.8	0.767442	-0.774441
0.8	0.77907	-1.16594
0.8	0.790698	-0.404147
0.8	0.802326	-1.04838
0.8	0.813953	-1.04109
0.8	0.825581	-0.836769
0.8	0.837209	-1.76629
0.8	0.848837	-1.69726
0.8	0.860465	-1.04009
0.8	0.872093	-1.73148
0.8	0.883721	-1.81728
0.8	0.895349	-1.5485
0.8	0.906977	-2.13166
0.8	0.918605	-1.74522
0.8	0.930233	-1.44067
0.8	0.94186	-2.27545
0.8	0.953488	-0.884246
0.8	0.965116	-1.64435
0.8	0.976744	-1.64785
0.8	0.988372	-1.04339
0.8	1	4.24896e-322
0.85	0	4.94066e-324
0.85	0.0116279	-0.575292
0.85	0.0232558	-1.42754
0.85	0.0348837	-0.66041
0.85	0.0465116	0.793652
0.85	0.0581395	-2.33669
0.85	0.0697674	-0.698354
0.85	0.0813953	-1.77329
0.85	0.0930233	-1.31316
0.85	0.104651	-0.640374
0.85	0.116279	-1.33517
0.85	0.127907	-0.739812
0.85	0.139535	-0.501543
0.85	0.151163	-1.08212
0.85	0.162791	-0.726116
0.85	0.174419	-0.324531
0.85	0.186047	-0.615478
0.85	0.197674	-0.651613
0.85	0.209302	-0.119586
0.85	0.22093	-1.10408
0.85	0.232558	-0.55936
0.85	0.244186	-0.102918
0.85	0.255814	-1.35826
0.85	0.267442	-0.328052
0.85	0.27907	-0.483878
0.85	0.290698	-1.42016
0.85	0.302326	-0.250201
0.85	0.313953	-1.05652
0.85	0.325581	-1.48955
0.85	0.337209	-0.538821
0.85	0.348837	-2.59196
0.85	0.360465	-0.650747
0.85	0.372093	-1.54227
0.85	0.383721	-2.52764
0.85	0.395349	-1.05731
0.85	0.406977	-2.4253
0.85	0.418605	-1.85036
0.85	0.430233	-1.95305
0.85	0.44186	-2.47785
0.85	0.453488	-1.91758
0.85	0.465116	-2.30101
0.85	0.476744	-2.26507
0.85	0.488372	-2.08725
0.85	0.5	-2.32482
0.85	0.511628	-2.08725
0.85	0.523256	-2.26507
0.85	0.534884	-2.30101
0.85	0.546512	-1.91758
0.85	0.55814	-2.47785
0.85	0.569767	-1.95305
0.85	0.581395	-1.85036
0.85	0.593023	-2.4253
0.85	0.604651	-1.05731
0.85	0.616279	-2.52764
0.85	0.627907	-1.54227
0.85	0.639535	-0.650747
0.85	0.651163	-2.59196
0.85	0.662791	-0.538821
0.85	0.674419	-1.48955
0.85	0.686047	-1.05652
0.85	0.697674	-0.250201
0.85	0.709302	-1.42016
0.85	0.72093	-0.483878
0.85	0.732558	-0.328052
0.85	0.744186	-1.35826
0.85	0.755814	-0.102918
0.85	0.767442	-0.55936
0.85	0.77907	-1.10408
0.85	0.790698	-0.119586
0.85	0.802326	-0.651613
0.85	0.813953	-0.615478
0.85	0.825581	-0.324531
0.85	0.837209	-0.726116
0.85	0.848837	-1.08212
0.85	0.860465	-0.501543
0.85	0.872093	-0.739812
0.85	0.883721	-1.33517
0.85	0.895349	-0.640374
0.85	0.906977	-1.31316
0.85	0.918605	-1.77329
0.85	0.930233	-0.698354
0.85	0.94186	-2.33669
0.85	0.953488	0.793652
0.85	0.965116	-0.66041
0.85	0.976744	-1.42754
0.85	0.988372	-0.575292
0.85	1	4.24896e-322
0.9	0	4.94066e-324
0.9	0.0116279	0.750521
0.9	0.0232558	-0.80212
0.9	0.0348837	0.722419
0.9	0.0465116	0.230422
0.9	0.0581395	-1.06701
0.9	0.0697674	0.915029
0.9	0.0813953	-1.10045
0.9	0.0930233	0.071425
0.9	0.104651	-0.0225855
0.9	0.116279	-0.576524
0.9	0.127907	-0.209123
0.9	0.139535	0.00819112
0.9	0.151163	-0.605156
0.9	0.162791	-0.14665
0.9	0.174419	-0.226122
0.9	0.186047	-0.413351
0.9	0.197674	-0.433405
0.9	0.209302	0.158687
0.9	0.22093	-0.862844
0.9	0.232558	-0.351854
0.9	0.244186	-0.0564115
0.9	0.255814	-1.27061
0.9	0.267442	-0.204332
0.9	0.27907	-0.460618
0.9	0.290698	-1.52032
0.9	0.302326	-0.135679
0.9	0.313953	-1.16544
0.9	0.325581	-1.38833
0.9	0.337209	-1.0402
0.9	0.348837	-3.03734
0.9	0.360465	-1.07853
0.9	0.372093	-2.24677
0.9	0.383721	-2.82389
0.9	0.395349	-1.76127
0.9	0.406977	-2.88843
0.9	0.418605	-2.28048
0.9	0.430233	-2.2919
0.9	0.44186	-2.95851
0.9	0.453488	-2.20845
0.9	0.465116	-2.6731
0.9	0.476744	-2.58907
0.9	0.488372	-2.43817
0.9	0.5	-2.68719
0.9	0.511628	-2.43817
0.9	0.523256	-2.58907
0.9	0.534884	-2.6731
0.9	0.546512	-2.20845
0.9	0.55814	-2.95851
0.9	0.569767	-2.2919
0.9	0.581395	-2.28048
0.9	0.593023	-2.88843
0.9	0.604651	-1.76127
0.9	0.616279	-2.82389
0.9	0.627907	-2.24677
0.9	0.639535	-1.07853
0.9	0.651163	-3.03734
0.9	0.662791	-1.0402
0.9	0.674419	-1.38833
0.9	0.686047	-1.16544
0.9	0.697674	-0.135679
0.9	0.709302	-1.52032
0.9	0.72093	-0.460618
0.9	0.732558	-0.204332
0.9	0.744186	-1.27061
0.9	0.755814	-0.0564115
0.9	0.767442	-0.351854
0.9	0.77907	-0.862844
0.9	0.790698	0.158687
0.9	0.802326	-0.433405
0.9	0.813953	-0.413351
0.9	0.825581	-0.226122
0.9	0.837209	-0.14665
0.9	0.848837	-0.605156
0.9	0.860465	0.00819112
0.9	0.872093	-0.209123
0.9	0.883721	-0.576524
0.9	0.895349	-0.0225855
0.9	0.906977	0.071425
0.9	0.918605	-1.10045
0.9	0.930233	0.915029
0.9	0.94186	-1.06701
0.9	0.953488	0.230422
0.9	0.965116	0.722419
0.9	0.976744	-0.80212
0.9	0.988372	0.750521
0.9	1	4.24896e-322
0.95	0	4.94066e-324
0.95	0.0116279	1.19102
0.95	0.0232558	0.930752
0.95	0.0348837	0.796842
0.95	0.0465116	1.22135
0.95	0.0581395	-0.658992
0.95	0.0697674	1.81573
0.95	0.0813953	0.153556
0.95	0.0930233	0.353367
0.95	0.104651	0.703524
0.95	0.116279	-0.302683
0.95	0.127907	0.236059
0.95	0.139535	0.106812
0.95	0.151163	-0.229917
0.95	0.162791	0.0655997
0.95	0.174419	0.0121386
0.95	0.186047	-0.295239
0.95	0.197674	-0.226782
0.95	0.209302	0.204135
0.95	0.22093	-0.624881
0.95	0.232558	-0.265693
0.95	0.244186	0.0513528
0.95	0.255814	-1.21478
0.95	0.267442	-0.0726016
0.95	0.27907	-0.404708
0.95	0.290698	-1.40867
0.95	0.302326	-0.107726
0.95	0.313953	-1.18423
0.95	0.325581	-1.38993
0.95	0.337209	-1.38918
0.95	0.348837	-3.23263
0.95	0.360465	-1.55366
0.95	0.372093	-2.53268
0.95	0.383721	-3.18364
0.95	0.395349	-2.04082
0.95	0.406977	-3.24487
0.95	0.418605	-2.5198
0.95	0.430233	-2.53177
0.95	0.44186	-3.29578
0.95	0.453488	-2.42953
0.95	0.465116	-2.93508
0.95	0.476744	-2.85164
0.95	0.488372	-2.62807
0.95	0.5	-3.04642
0.95	0.511628	-2.62807
0.95	0.523256	-2.85164
0.95	0.534884	-2.93508
0.95	0.546512	-2.42953
0.95	0.55814	-3.29578
0.95	0.569767	-2.53177
0.95	0.581395	-2.5198
0.95	0.593023	-3.24487
0.95	0.604651	-2.04082
0.95	0.616279	-3.18364
0.95	0.627907	-2.53268
0.95	0.639535	-1.55366
0.95	0.651163	-3.23263
0.95	0.662791	-1.38918
0.95	0.674419	-1.38993
0.95	0.686047	-1.18423
0.95	0.697674	-0.107726
0.95	0.709302	-1.40867
0.95	0.72093	-0.404708
0.95	0.732558	-0.0726016
0.95	0.744186	-1.21478
0.95	0.755814	0.0513528
0.95	0.767442	-0.265693
0.95	0.77907	-0.624881
0.95	0.790698	0.204135
0.95	0.802326	-0.226782
0.95	0.813953	-0.295239
0.95	0.825581	0.0121386
0.95	0.837209	0.0655997
0.95	0.848837	-0.229917
0.95	0.860465	0.106812
0.95	0.872093	0.236059
0.95	0.883721	-0.302683
0.95	0.895349	0.703524
0.95	0.906977	0.353367
0.95	0.918605	0.153556
0.95	0.930233	1.81573
0.95	0.94186	-0.658992
0.95	0.953488	1.22135
0.95	0.965116	0.796842
0.95	0.976744	0.930752
0.95	0.988372	1.19102
0.95	1	4.24896e-322
1	0	4.94066e-324
1	0.0116279	1.17183
1	0.0232558	1.19117
1	0.0348837	0.82432
1	0.0465116	1.6347
1	0.0581395	0.459257
1	0.0697674	1.67028
1	0.0813953	0.481879
1	0.0930233	0.177101
1	0.104651	1.037
1	0.116279	-0.204713
1	0.127907	0.416262
1	0.139535	0.0697011
1	0.151163	-0.0724032
1	0.162791	0.117207
1	0.174419	0.0964549
1	0.186047	-0.256021
1	0.197674	-0.164762
1	0.209302	0.274532
1	0.22093	-0.479146
1	0.232558	-0.283125
1	0.244186	0.138375
1	0.255814	-1.20165
1	0.267442	-0.00268522
1	0.27907	-0.409093
1	0.290698	-1.30945
1	0.302326	-0.116242
1	0.313953	-1.19069
1	0.325581	-1.3842
1	0.337209	-1.48096
1	0.348837	-3.22736
1	0.360465	-1.76788
1	0.372093	-2.50004
1	0.383721	-3.39644
1	0.395349	-2.06217
1	0.406977	-3.4497
1	0.418605	-2.55981
1	0.430233	-2.64581
1	0.44186	-3.41049
1	0.453488	-2.48421
1	0.465116	-3.04821
1	0.476744	-2.96249
1	0.488372	-2.64513
1	0.5	-3.28793
1	0.511628	-2.64513
1	0.523256	-2.96249
1	0.534884	-3.04821
1	0.546512	-2.48421
1	0.55814	-3.41049
1	0.569767	-2.64581
1	0.581395	-2.55981
1	0.593023	-3.4497
1	0.604651	-2.06217
1	0.616279	-3.39644
1	0.627907	-2.50004
1	0.639535	-1.76788
1	0.651163	-3.22736
1	0.662791	-1.48096
1	0.674419	-1.3842
1	0.686047	-1.19069
1	0.697674	-0.116242
1	0.709302	-1.30945
1	0.72093	-0.409093
1	0.732558	-0.00268522
1	0.744186	-1.20165
1	0.755814	0.138375
1	0.767442	-0.283125
1	0.77907	-0.479146
1	0.790698	0.274532
1	0.802326	-0.164762
1	0.813953	-0.256021
1	0.825581	0.0964549
1	0.837209	0.117207
1	0.848837	-0.0724032
1	0.860465	0.0697011
1	0.872093	0.416262
1	0.883721	-0.204713
1	0.895349	1.037
1	0.906977	0.177101
1	0.918605	0.481879
1	0.930233	1.67028
1	0.94186	0.459257
1	0.953488	1.6347
1	0.965116	0.82432
1	0.976744	1.19117
1	0.988372	1.17183
1	1	4.24896e-322
1.05	0	4.94066e-324
1.05	0.0116279	0.951141
1.05	0.0232558	1.08525
1.05	0.0348837	0.751623
1.05	0.0465116	1.40407
1.05	0.0581395	0.412745
1.05	0.0697674	1.16083
1.05	0.0813953	0.0361861
1.05	0.0930233	0.0599663
1.05	0.104651	0.683285
1.05	0.116279	-0.31131
1.05	0.127907	0.179243
1.05	0.139535	0.0365989
1.05	0.151163	-0.195092
1.05	0.162791	0.0196766
1.05	0.174419	-0.00349285
1.05	0.186047	-0.291352
1.05	0.197674	-0.2504
1.05	0.209302	0.275661
1.05	0.22093	-0.503246
1.05	0.232558	-0.382163
1.05	0.244186	0.144346
1.05	0.255814	-1.23901
1.05	0.267442	-0.0203219
1.05	0.27907	-0.474132
1.05	0.290698	-1.2584
1.05	0.302326	-0.130842
1.05	0.313953	-1.14134
1.05	0.325581	-1.38532
1.05	0.337209	-1.30755
1.05	0.348837	-3.02328
1.05	0.360465	-1.74269
1.05	0.372093	-2.36212
1.05	0.383721	-3.32184
1.05	0.395349	-1.90305
1.05	0.406977	-3.3623
1.05	0.418605	-2.42364
1.05	0.430233	-2.55766
1.05	0.44186	-3.32372
1.05	0.453488	-2.29253
1.05	0.465116	-3.04111
1.05	0.476744	-2.83369
1.05	0.488372	-2.53256
1.05	0.5	-3.19044
1.05	0.511628	-2.53256
1.05	0.523256	-2.83369
1.05	0.534884	-3.04111
1.05	0.546512	-2.29253
1.05	0.55814	-3.32372
1.05	0.569767	-2.55766
1.05	0.581395	-2.42364
1.05	0.593023	-3.3623
1.05	0.604651	-1.90305
1.05	0.616279	-3.32184
1.05	0.627907	-2.36212
1.05	0.639535	-1.74269
1.05	0.651163	-3.02328
1.05	0.662791	-1.30755
1.05	0.674419	-1.38532
1.05	0.686047	-1.14134
1.05	0.697674	-0.130842
1.05	0.709302	-1.2584
1.05	0.72093	-0.474132
1.05	0.732558	-0.0203219
1.05	0.744186	-1.23901
1.05	0.755814	0.144346
1.05	0.767442	-0.382163
1.05	0.77907	-0.503246
1.05	0.790698	0.275661
1.05	0.802326	-0.2504
1.05	0.813953	-0.291352
1.05	0.825581	-0.00349285
1.05	0.837209	0.0196766
1.05	0.848837	-0.195092
1.05	0.860465	0.0365989
1.05	0.872093	0.179243
1.05	0.883721	-0.31131
1.05	0.895349	0.683285
1.05	0.906977	0.0599663
1.05	0.918605	0.0361861
1.05	0.930233	1.16083
1.05	0.94186	0.412745
1.05	0.953488	1.40407
1.05	0.965116	0.751623
1.05	0.976744	1.08525
1.05	0.988372	0.951141
1.05	1	4.24896e-322
1.1	0	4.94066e-324
1.1	0.0116279	-0.868907
1.1	0.0232558	-0.152335
1.1	0.0348837	-0.317451
1.1	0.0465116	0.519239
1.1	0.0581395	-0.554354
1.1	0.0697674	0.329678
1.1	0.0813953	-0.560999
1.1	0.0930233	-0.413534
1.1	0.104651	0.169975
1.1	0.116279	-0.59274
1.1	0.127907	-0.233085
1.1	0.139535	-0.120169
1.1	0.151163	-0.453741
1.1	0.162791	-0.257782
1.1	0.174419	-0.20699
1.1	0.186047	-0.42679
1.1	0.197674	-0.403074
1.1	0.209302	0.0967638
1.1	0.22093	-0.618947
1.1	0.232558	-0.605901
1.1	0.244186	0.101357
1.1	0.255814	-1.31493
1.1	0.267442	-0.0807095
1.1	0.27907	-0.614034
1.1	0.290698	-1.1909
1.1	0.302326	-0.191374
1.1	0.313953	-1.09737
1.1	0.325581	-1.38913
1.1	0.337209	-0.877945
1.1	0.348837	-2.45584
1.1	0.360465	-1.62082
1.1	0.372093	-2.04155
1.1	0.383721	-3.10631
1.1	0.395349	-1.47267
1.1	0.406977	-3.05262
1.1	0.418605	-2.09057
1.1	0.430233	-2.31696
1.1	0.44186	-3.05499
1.1	0.453488	-1.89261
1.1	0.465116	-2.89348
1.1	0.476744	-2.546
1.1	0.488372	-2.25358
1.1	0.5	-2.90963
1.1	0.511628	-2.25358
1.1	0.523256	-2.546
1.1	0.534884	-2.89348
1.1	0.546512	-1.89261
1.1	0.55814	-3.05499
1.1	0.569767	-2.31696
1.1	0.581395	-2.09057
1.1	0.593023	-3.05262
1.1	0.604651	-1.47267
1.1	0.616279	-3.10631
1.1	0.627907	-2.04155
1.1	0.639535	-1.62082
1.1	0.651163	-2.45584
1.1	0.662791	-0.877945
1.1	0.674419	-1.38913
1.1	0.686047	-1.09737
1.1	0.697674	-0.191374
1.1	0.709302	-1.1909
1.1	0.72093	-0.614034
1.1	0.732558	-0.0807095
1.1	0.744186	-1.31493
1.1	0.755814	0.101357
1.1	0.767442	-0.605901
1.1	0.77907	-0.618947
1.1	0.790698	0.0967638
1.1	0.802326	-0.403074
1.1	0.813953	-0.42679
1.1	0.825581	-0.20699
1.1	0.837209	-0.257782
1.1	0.848837	-0.453741
1.1	0.860465	-0.120169
1.1	0.872093	-0.233085
1.1	0.883721	-0.59274
1.1	0.895349	0.169975
1.1	0.906977	-0.413534
1.1	0.918605	-0.560999
1.1	0.930233	0.329678
1.1	0.94186	-0.554354
1.1	0.953488	0.519239
1.1	0.965116	-0.317451
1.1	0.976744	-0.152335
1.1	0.988372	-0.868907
1.1	1	4.24896e-322
1.15	0	4.94066e-324
1.15	0.0116279	-1.29088
1.15	0.0232558	-1.13484
1.15	0.0348837	-1.49221
1.15	0.0465116	-1.37888
1.15	0.0581395	-1.10418
1.15	0.0697674	-1.1239
1.15	0.0813953	-0.553197
1.15	0.0930233	-1.75716
1.15	0.104651	-0.662383
1.15	0.116279	-1.03558
1.15	0.127907	-0.84161
1.15	0.139535	-0.477599
1.15	0.151163	-0.802468
1.15	0.162791	-0.737506
1.15	0.174419	-0.471778
1.15	0.186047	-0.656502
1.15	0.197674	-0.63975
1.15	0.209302	-0.163875
1.15	0.22093	-0.733349
1.15	0.232558	-0.90765
1.15	0.244186	0.00317082
1.15	0.255814	-1.44636
1.15	0.267442	-0.160946
1.15	0.27907	-0.605742
1.15	0.290698	-1.15242
1.15	0.302326	-0.242551
1.15	0.313953	-1.09658
1.15	0.325581	-1.34406
1.15	0.337209	-0.497492
1.15	0.348837	-1.611
1.15	0.360465	-1.58652
1.15	0.372093	-1.55993
1.15	0.383721	-3.05824
1.15	0.395349	-0.529902
1.15	0.406977	-2.44031
1.15	0.418605	-1.63565
1.15	0.430233	-1.87797
1.15	0.44186	-2.77115
1.15	0.453488	-1.17339
1.15	0.465116	-2.65009
1.15	0.476744	-2.17344
1.15	0.488372	-1.81556
1.15	0.5	-2.59161
1.15	0.511628	-1.81556
1.15	0.523256	-2.17344
1.15	0.534884	-2.65009
1.15	0.546512	-1.17339
1.15	0.55814	-2.77115
1.15	0.569767	-1.87797
1.15	0.581395	-1.63565
1.15	0.593023	-2.44031
1.15	0.604651	-0.529902
1.15	0.616279	-3.05824
1.15	0.627907	-1.55993
1.15	0.639535	-1.58652
1.15	0.651163	-1.611
1.15	0.662791	-0.497492
1.15	0.674419	-1.34406
1.15	0.686047	-1.09658
1.15	0.697674	-0.242551
1.15	0.709302	-1.15242
1.15	0.72093	-0.605742
1.15	0.732558	-0.160946
1.15	0.744186	-1.44636
1.15	0.755814	0.00317082
1.15	0.767442	-0.90765
1.15	0.77907	-0.733349
1.15	0.790698	-0.163875
1.15	0.802326	-0.63975
1.15	0.813953	-0.656502
1.15	0.825581	-0.471778
1.15	0.837209	-0.737506
1.15	0.848837	-0.802468
1.15	0.860465	-0.477599
1.15	0.872093	-0.84161
1.15	0.883721	-1.03558
1.15	0.895349	-0.662383
1.15	0.906977	-1.75716
1.15	0.918605	-0.553197
1.15	0.930233	-1.1239
1.15	0.94186	-1.10418
1.15	0.953488	-1.37888
1.15	0.965116	-1.49221
1.15	0.976744	-1.13484
1.15	0.988372	-1.29088
1.15	1	4.24896e-322
1.2	0	4.94066e-324
1.2	0.0116279	-1.34487
1.2	0.0232558	-1.28017
1.2	0.0348837	-1.63707
1.2	0.0465116	-1.84791
1.2	0.0581395	-1.45025
1.2	0.0697674	-1.77102
1.2	0.0813953	-1.33877
1.2	0.0930233	-2.08638
1.2	0.104651	-1.71458
1.2	0.116279	-1.56095
1.2	0.127907	-1.81191
1.2	0.139535	-1.15233
1.2	0.151163	-1.27651
1.2	0.162791	-1.39887
1.2	0.174419	-0.922233
1.2	0.186047	-0.963707
1.2	0.197674	-1.09797
1.2	0.209302	-0.306243
1.2	0.22093	-0.863922
1.2	0.232558	-1.13231
1.2	0.244186	-0.100676
1.2	0.255814	-1.6084
1.2	0.267442	-0.310952
1.2	0.27907	-0.610616
1.2	0.290698	-1.23339
1.2	0.302326	-0.160105
1.2	0.313953	-1.11546
1.2	0.325581	-1.24192
1.2	0.337209	-0.401604
1.2	0.348837	-1.0212
1.2	0.360465	-1.50059
1.2	0.372093	-0.976804
1.2	0.383721	-2.88812
1.2	0.395349	0.0798529
1.2	0.406977	-1.83505
1.2	0.418605	-1.41473
1.2	0.430233	-1.38922
1.2	0.44186	-2.78132
1.2	0.453488	0.924084
1.2	0.465116	-2.05832
1.2	0.476744	-1.91585
1.2	0.488372	-0.99856
1.2	0.5	-2.35825
1.2	0.511628	-0.99856
1.2	0.523256	-1.91585
1.2	0.534884	-2.05832
1.2	0.546512	0.924084
1.2	0.55814	-2.78132
1.2	0.569767	-1.38922
1.2	0.581395	-1.41473
1.2	0.593023	-1.83505
1.2	0.604651	0.0798529
1.2	0.616279	-2.88812
1.2	0.627907	-0.976804
1.2	0.639535	-1.50059
1.2	0.651163	-1.0212
1.2	0.662791	-0.401604
1.2	0.674419	-1.24192
1.2	0.686047	-1.11546
1.2	0.697674	-0.160105
1.2	0.709302	-1.23339
1.2	0.72093	-0.610616
1.2	0.732558	-0.310952
1.2	0.744186	-1.6084
1.2	0.755814	-0.100676
1.2	0.767442	-1.13231
1.2	0.77907	-0.863922
1.2	0.790698	-0.306243
1.2	0.802326	-1.09797
1.2	0.813953	-0.963707
1.2	0.825581	-0.922233
1.2	0.837209	-1.39887
1.2	0.848837	-1.27651
1.2	0.860465	-1.15233
1.2	0.872093	-1.81191
1.2	0.883721	-1.56095
1.2	0.895349	-1.71458
1.2	0.906977	-2.08638
1.2	0.918605	-1.33877
1.2	0.930233	-1.77102
1.2	0.94186	-1.45025
1.2	0.953488	-1.84791
1.2	0.965116	-1.63707
1.2	0.976744	-1.28017
1.2	0.988372	-1.34487
1.2	1	4.24896e-322
1.25	0	4.94066e-324
1.25	0.0116279	-1.35366
1.25	0.0232558	-1.3182
1.25	0.0348837	-1.69028
1.25	0.0465116	-2.05103
1.25	0.0581395	-1.5517
1.25	0.0697674	-2.05229
1.25	0.0813953	-1.73023
1.25	0.0930233	-2.24978
1.25	0.104651	-2.00646
1.25	0.116279	-1.99171
1.25	0.127907	-2.20452
1.25	0.139535	-1.99499
1.25	0.151163	-1.77584
1.25	0.162791	-1.94726
1.25	0.174419	-1.64189
1.25	0.186047	-1.34058
1.25	0.197674	-1.63961
1.25	0.209302	-0.587528
1.25	0.22093	-0.90564
1.25	0.232558	-1.31976
1.25	0.244186	-0.116893
1.25	0.255814	-1.99376
1.25	0.267442	-0.354797
1.25	0.27907	-0.663522
1.25	0.290698	-1.12669
1.25	0.302326	-0.0783277
1.25	0.313953	-1.09226
1.25	0.325581	-0.982427
1.25	0.337209	-0.338084
1.25	0.348837	-0.54427
1.25	0.360465	-1.27729
1.25	0.372093	-0.17377
1.25	0.383721	-1.88273
1.25	0.395349	0.0705049
1.25	0.406977	-1.20428
1.25	0.418605	-1.36078
1.25	0.430233	-0.615734
1.25	0.44186	-2.40923
1.25	0.453488	1.34005
1.25	0.465116	-1.71887
1.25	0.476744	-1.67456
1.25	0.488372	0.719875
1.25	0.5	-1.91756
1.25	0.511628	0.719875
1.25	0.523256	-1.67456
1.25	0.534884	-1.71887
1.25	0.546512	1.34005
1.25	0.55814	-2.40923
1.25	0.569767	-0.615734
1.25	0.581395	-1.36078
1.25	0.593023	-1.20428
1.25	0.604651	0.0705049
1.25	0.616279	-1.88273
1.25	0.627907	-0.17377
1.25	0.639535	-1.27729
1.25	0.651163	-0.54427
1.25	0.662791	-0.338084
1.25	0.674419	-0.982427
1.25	0.686047	-1.09226
1.25	0.697674	-0.0783277
1.25	0.709302	-1.12669
1.25	0.72093	-0.663522
1.25	0.732558	-0.354797
1.25	0.744186	-1.99376
1.25	0.755814	-0.116893
1.25	0.767442	-1.31976
1.25	0.77907	-0.90564
1.25	0.790698	-0.587528
1.25	0.802326	-1.63961
1.25	0.813953	-1.34058
1.25	0.825581	-1.64189
1.25	0.837209	-1.94726
1.25	0.848837	-1.77584
1.25	0.860465	-1.99499
1.25	0.872093	-2.20452
1.25	0.883721	-1.99171
1.25	0.895349	-2.00646
1.25	0.906977	-2.24978
1.25	0.918605	-1.73023
1.25	0.930233	-2.05229
1.25	0.94186	-1.5517
1.25	0.953488	-2.05103
1.25	0.965116	-1.69028
1.25	0.976744	-1.3182
1.25	0.988372	-1.35366
1.25	1	4.24896e-322
1.3	0	4.94066e-324
1.3	0.0116279	-1.33822
1.3	0.0232558	-1.31856
1.3	0.0348837	-1.69586
1.3	0.0465116	-2.12962
1.3	0.0581395	-1.54847
1.3	0.0697674	-2.16867
1.3	0.0813953	-1.83649
1.3	0.0930233	-2.34603
1.3	0.104651	-2.04549
1.3	0.116279	-2.17999
1.3	0.127907	-2.29687
1.3	0.139535	-2.278
1.3	0.151163	-2.06644
1.3	0.162791	-2.03695
1.3	0.174419	-2.00038
1.3	0.186047	-1.63719
1.3	0.197674	-1.93472
1.3	0.209302	-0.809777
1.3	0.22093	-0.863835
1.3	0.232558	-1.56176
1.3	0.244186	-0.0914216
1.3	0.255814	-1.96087
1.3	0.267442	-0.325369
1.3	0.27907	-0.683079
1.3	0.290698	-1.02231
1.3	0.302326	0.0314407
1.3	0.313953	-1.01381
1.3	0.325581	-0.690319
1.3	0.337209	-0.292645
1.3	0.348837	-0.352395
1.3	0.360465	-1.04026
1.3	0.372093	0.175487
1.3	0.383721	-1.33723
1.3	0.395349	0.344798
1.3	0.406977	-0.734243
1.3	0.418605	-1.06432
1.3	0.430233	0.520405
1.3	0.44186	-1.64382
1.3	0.453488	1.43738
1.3	0.465116	-1.21107
1.3	0.476744	-1.37424
1.3	0.488372	1.36264
1.3	0.5	-1.59323
1.3	0.511628	1.36264
1.3	0.523256	-1.37424
1.3	0.534884	-1.21107
1.3	0.546512	1.43738
1.3	0.55814	-1.64382
1.3	0.569767	0.520405
1.3	0.581395	-1.06432
1.3	0.593023	-0.734243
1.3	0.604651	0.344798
1.3	0.616279	-1.33723
1.3	0.627907	0.175487
1.3	0.639535	-1.04026
1.3	0.651163	-0.352395
1.3	0.662791	-0.292645
1.3	0.674419	-0.690319
1.3	0.686047	-1.01381
1.3	0.697674	0.0314407
1.3	0.709302	-1.02231
1.3	0.72093	-0.683079
1.3	0.732558	-0.325369
1.3	0.744186	-1.96087
1.3	0.755814	-0.0914216
1.3	0.767442	-1.56176
1.3	0.77907	-0.863835
1.3	0.790698	-0.809777
1.3	0.802326	-1.93472
1.3	0.813953	-1.63719
1.3	0.825581	-2.00038
1.3	0.837209	-2.03695
1.3	0.848837	-2.06644
1.3	0.860465	-2.278
1.3	0.872093	-2.29687
1.3	0.883721	-2.17999
1.3	0.895349	-2.04549
1.3	0.906977	-2.34603
1.3	0.918605	-1.83649
1.3	0.930233	-2.16867
1.3	0.94186	-1.54847
1.3	0.953488	-2.12962
1.3	0.965116	-1.69586
1.3	0.976744	-1.31856
1.3	0.988372	-1.33822
1.3	1	4.24896e-322
1.35	0	4.94066e-324
1.35	0.0116279	-1.25063
1.35	0.0232558	-1.29887
1.35	0.0348837	-1.64226
1.35	0.0465116	-2.14812
1.35	0.0581395	-1.45932
1.35	0.0697674	-2.17682
1.35	0.0813953	-1.79983
1.35	0.0930233	-2.33675
1.35	0.104651	-1.91814
1.35	0.116279	-2.19162
1.35	0.127907	-2.15056
1.35	0.139535	-2.24019
1.35	0.151163	-1.92859
1.35	0.162791	-1.87004
1.35	0.174419	-1.71996
1.35	0.186047	-1.48322
1.35	0.197674	-1.48836
1.35	0.209302	-0.683582
1.35	0.22093	-0.720523
1.35	0.232558	-1.61568
1.35	0.244186	0.000555344
1.35	0.255814	-1.60646
1.35	0.267442	-0.220061
1.35	0.27907	-0.633456
1.35	0.290698	-0.874864
1.35	0.302326	0.122524
1.35	0.313953	-0.977184
1.35	0.325581	-0.485388
1.35	0.337209	-0.234315
1.35	0.348837	-0.266855
1.35	0.360465	-0.865897
1.35	0.372093	0.27223
1.35	0.383721	-1.33403
1.35	0.395349	0.719851
1.35	0.406977	-0.895866
1.35	0.418605	-0.198156
1.35	0.430233	0.905642
1.35	0.44186	-1.21174
1.35	0.453488	1.6803
1.35	0.465116	-1.12963
1.35	0.476744	-0.364909
1.35	0.488372	1.56074
1.35	0.5	-1.27194
1.35	0.511628	1.56074
1.35	0.523256	-0.364909
1.35	0.534884	-1.12963
1.35	0.546512	1.6803
1.35	0.55814	-1.21174
1.35	0.569767	0.905642
1.35	0.581395	-0.198156
1.35	0.593023	-0.895866
1.35	0.604651	0.719851
1.35	0.616279	-1.33403
1.35	0.627907	0.27223
1.35	0.639535	-0.865897
1.35	0.651163	-0.266855
1.35	0.662791	-0.234315
1.35	0.674419	-0.485388
1.35	0.686047	-0.977184
1.35	0.697674	0.122524
1.35	0.709302	-0.874864
1.35	0.72093	-0.633456
1.35	0.732558	-0.220061
1.35	0.744186	-1.60646
1.35	0.755814	0.000555344
1.35	0.767442	-1.61568
1.35	0.77907	-0.720523
1.35	0.790698	-0.683582
1.35	0.802326	-1.48836
1.35	0.813953	-1.48322
1.35	0.825581	-1.71996
1.35	0.837209	-1.87004
1.35	0.848837	-1.92859
1.35	0.860465	-2.24019
1.35	0.872093	-2.15056
1.35	0.883721	-2.19162
1.35	0.895349	-1.91814
1.35	0.906977	-2.33675
1.35	0.918605	-1.79983
1.35	0.930233	-2.17682
1.35	0.94186	-1.45932
1.35	0.953488	-2.14812
1.35	0.965116	-1.64226
1.35	0.976744	-1.29887
1.35	0.988372	-1.25063
1.35	1	4.24896e-322
1.4	0	4.94066e-324
1.4	0.0116279	-1.14167
1.4	0.0232558	-1.20509
1.4	0.0348837	-1.54465
1.4	0.0465116	-2.06396
1.4	0.0581395	-1.22975
1.4	0.0697674	-2.04321
1.4	0.0813953	-1.61706
1.4	0.0930233	-2.12762
1.4	0.104651	-1.54471
1.4	0.116279	-1.92056
1.4	0.127907	-1.64553
1.4	0.139535	-1.60321
1.4	0.151163	-1.13523
1.4	0.162791	-1.09577
1.4	0.174419	-0.958602
1.4	0.186047	-0.949933
1.4	0.197674	-0.851698
1.4	0.209302	-0.422334
1.4	0.22093	-0.497778
1.4	0.232558	-1.40298
1.4	0.244186	0.218009
1.4	0.255814	-1.32956
1.4	0.267442	0.00863756
1.4	0.27907	-0.577036
1.4	0.290698	-0.665007
1.4	0.302326	0.172755
1.4	0.313953	-0.914624
1.4	0.325581	-0.328685
1.4	0.337209	-0.12903
1.4	0.348837	-0.316046
1.4	0.360465	-0.686195
1.4	0.372093	0.16541
1.4	0.383721	-1.57409
1.4	0.395349	0.889437
1.4	0.406977	-1.61553
1.4	0.418605	0.680864
1.4	0.430233	1.01095
1.4	0.44186	-0.988372
1.4	0.453488	1.81135
1.4	0.465116	-1.28065
1.4	0.476744	0.821227
1.4	0.488372	1.8023
1.4	0.5	-1.15507
1.4	0.511628	1.8023
1.4	0.523256	0.821227
1.4	0.534884	-1.28065
1.4	0.546512	1.81135
1.4	0.55814	-0.988372
1.4	0.569767	1.01095
1.4	0.581395	0.680864
1.4	0.593023	-1.61553
1.4	0.604651	0.889437
1.4	0.616279	-1.57409
1.4	0.627907	0.16541
1.4	0.639535	-0.686195
1.4	0.651163	-0.316046
1.4	0.662791	-0.12903
1.4	0.674419	-0.328685
1.4	0.686047	-0.914624
1.4	0.697674	0.172755
1.4	0.709302	-0.665007
1.4	0.72093	-0.577036
1.4	0.732558	0.00863756
1.4	0.744186	-1.32956
1.4	0.755814	0.218009
1.4	0.767442	-1.40298
1.4	0.77907	-0.497778
1.4	0.790698	-0.422334
1.4	0.802326	-0.851698
1.4	0.813953	-0.949933
1.4	0.825581	-0.958602
1.4	0.837209	-1.09577
1.4	0.848837	-1.13523
1.4	0.860465	-1.60321
1.4	0.872093	-1.64553
1.4	0.883721	-1.92056
1.4	0.895349	-1.54471
1.4	0.906977	-2.12762
1.4	0.918605	-1.61706
1.4	0.930233	-2.04321
1.4	0.94186	-1.22975
1.4	0.953488	-2.06396
1.4	0.965116	-1.54465
1.4	0.976744	-1.20509
1.4	0.988372	-1.14167
1.4	1	4.24896e-322
1.45	0	4.94066e-324
1.45	0.0116279	-0.954241
1.45	0.0232558	-0.881357
1.45	0.0348837	-1.36403
1.45	0.0465116	-1.69677
1.45	0.0581395	-0.505178
1.45	0.0697674	-1.66689
1.45	0.0813953	-1.10045
1.45	0.0930233	-1.23261
1.45	0.104651	-0.429601
1.45	0.116279	-1.11861
1.45	0.127907	-0.330828
1.45	0.139535	-0.851559
1.45	0.151163	-0.208623
1.45	0.162791	-0.516341
1.45	0.174419	-0.364567
1.45	0.186047	-0.556427
1.45	0.197674	-0.281935
1.45	0.209302	-0.241639
1.45	0.22093	-0.0922088
1.45	0.232558	-1.20973
1.45	0.244186	0.581249
1.45	0.255814	-1.02306
1.45	0.267442	0.374997
1.45	0.27907	-0.622168
1.45	0.290698	-0.356176
1.45	0.302326	0.308369
1.45	0.313953	-0.769261
1.45	0.325581	-0.12833
1.45	0.337209	0.0760947
1.45	0.348837	-0.395126
1.45	0.360465	-0.358198
1.45	0.372093	0.275369
1.45	0.383721	-1.35739
1.45	0.395349	1.02525
1.45	0.406977	-1.8817
1.45	0.418605	1.27225
1.45	0.430233	0.756939
1.45	0.44186	-0.813055
1.45	0.453488	1.64802
1.45	0.465116	-1.0571
1.45	0.476744	0.596715
1.45	0.488372	1.64032
1.45	0.5	-1.10263
1.45	0.511628	1.64032
1.45	0.523256	0.596715
1.45	0.534884	-1.0571
1.45	0.546512	1.64802
1.45	0.55814	-0.813055
1.45	0.569767	0.756939
1.45	0.581395	1.27225
1.45	0.593023	-1.8817
1.45	0.604651	1.02525
1.45	0.616279	-1.35739
1.45	0.627907	0.275369
1.45	0.639535	-0.358198
1.45	0.651163	-0.395126
1.45	0.662791	0.0760947
1.45	0.674419	-0.12833
1.45	0.686047	-0.769261
1.45	0.697674	0.308369
1.45	0.709302	-0.356176
1.45	0.72093	-0.622168
1.45	0.732558	0.374997
1.45	0.744186	-1.02306
1.45	0.755814	0.581249
1.45	0.767442	-1.20973
1.45	0.77907	-0.0922088
1.45	0.790698	-0.241639
1.45	0.802326	-0.281935
1.45	0.813953	-0.556427
1.45	0.825581	-0.364567
1.45	0.837209	-0.516341
1.45	0.848837	-0.208623
1.45	0.860465	-0.851559
1.45	0.872093	-0.330828
1.45	0.883721	-1.11861
1.45	0.895349	-0.429601
1.45	0.906977	-1.23261
1.45	0.918605	-1.10045
1.45	0.930233	-1.66689
1.45	0.94186	-0.505178
1.45	0.953488	-1.69677
1.45	0.965116	-1.36403
1.45	0.976744	-0.881357
1.45	0.988372	-0.954241
1.45	1	4.24896e-322
1.5	0	4.94066e-324
1.5	0.0116279	0.838337
1.5	0.0232558	0.691579
1.5	0.0348837	-0.615857
1.5	0.0465116	-0.31304
1.5	0.0581395	1.03717
1.5	0.0697674	-0.492115
1.5	0.0813953	0.404392
1.5	0.0930233	-0.236387
1.5	0.104651	0.570243
1.5	0.116279	-0.532591
1.5	0.127907	0.64428
1.5	0.139535	-0.546885
1.5	0.151163	0.456802
1.5	0.162791	-0.0703426
1.5	0.174419	0.101084
1.5	0.186047	-0.173798
1.5	0.197674	0.214475
1.5	0.209302	-0.117439
1.5	0.22093	0.391115
1.5	0.232558	-0.981075
1.5	0.244186	1.15644
1.5	0.255814	-0.732076
1.5	0.267442	0.827834
1.5	0.27907	-0.508233
1.5	0.290698	-0.0228214
1.5	0.302326	0.551506
1.5	0.313953	-0.472977
1.5	0.325581	0.0811931
1.5	0.337209	0.402959
1.5	0.348837	-0.31952
1.5	0.360465	-0.0265039
1.5	0.372093	0.638747
1.5	0.383721	-0.841621
1.5	0.395349	1.38013
1.5	0.406977	-1.81327
1.5	0.418605	1.67856
1.5	0.430233	0.147641
1.5	0.44186	-0.934492
1.5	0.453488	1.26265
1.5	0.465116	-0.786332
1.5	0.476744	-0.223681
1.5	0.488372	1.08912
1.5	0.5	-1.0717
1.5	0.511628	1.08912
1.5	0.523256	-0.223681
1.5	0.534884	-0.786332
1.5	0.546512	1.26265
1.5	0.55814	-0.934492
1.5	0.569767	0.147641
1.5	0.581395	1.67856
1.5	0.593023	-1.81327
1.5	0.604651	1.38013
1.5	0.616279	-0.841621
1.5	0.627907	0.638747
1.5	0.639535	-0.0265039
1.5	0.651163	-0.31952
1.5	0.662791	0.402959
1.5	0.674419	0.0811931
1.5	0.686047	-0.472977
1.5	0.697674	0.551506
1.5	0.709302	-0.0228214
1.5	0.72093	-0.508233
1.5	0.732558	0.827834
1.5	0.744186	-0.732076
1.5	0.755814	1.15644
1.5	0.767442	-0.981075
1.5	0.77907	0.391115
1.5	0.790698	-0.117439
1.5	0.802326	0.214475
1.5	0.813953	-0.173798
1.5	0.825581	0.101084
1.5	0.837209	-0.0703426
1.5	0.848837	0.456802
1.5	0.860465	-0.546885
1.5	0.872093	0.64428
1.5	0.883721	-0.532591
1.5	0.895349	0.570243
1.5	0.906977	-0.236387
1.5	0.918605	0.404392
1.5	0.930233	-0.492115
1.5	0.94186	1.03717
1.5	0.953488	-0.31304
1.5	0.965116	-0.615857
1.5	0.976744	0.691579
1.5	0.988372	0.838337
1.5	1	4.24896e-322
1.55	0	4.94066e-324
1.55	0.0116279	1.07806
1.55	0.0232558	1.34364
1.55	0.0348837	1.31622
1.55	0.0465116	-0.155393
1.55	0.0581395	2.12372
1.55	0.0697674	1.30819
1.55	0.0813953	1.39103
1.55	0.0930233	0.930504
1.55	0.104651	1.2438
1.55	0.116279	0.178403
1.55	0.127907	1.30661
1.55	0.139535	0.173398
1.55	0.151163	0.918198
1.55	0.162791	0.599416
1.55	0.174419	0.248948
1.55	0.186047	0.332276
1.55	0.197674	0.601104
1.55	0.209302	0.0991805
1.55	0.22093	0.901808
1.55	0.232558	-0.720362
1.55	0.244186	2.23811
1.55	0.255814	-0.421488
1.55	0.267442	1.18387
1.55	0.27907	-0.371807
1.55	0.290698	0.281636
1.55	0.302326	0.803694
1.55	0.313953	-0.232337
1.55	0.325581	0.313165
1.55	0.337209	0.839559
1.55	0.348837	-0.270406
1.55	0.360465	0.462012
1.55	0.372093	0.820549
1.55	0.383721	-0.0673026
1.55	0.395349	2.17008
1.55	0.406977	-1.72896
1.55	0.418605	2.28073
1.55	0.430233	-0.841288
1.55	0.44186	-0.950993
1.55	0.453488	0.765751
1.55	0.465116	-0.728278
1.55	0.476744	-0.487046
1.55	0.488372	-0.258062
1.55	0.5	-1.28958
1.55	0.511628	-0.258062
1.55	0.523256	-0.487046
1.55	0.534884	-0.728278
1.55	0.546512	0.765751
1.55	0.55814	-0.950993
1.55	0.569767	-0.841288
1.55	0.581395	2.28073
1.55	0.593023	-1.72896
1.55	0.604651	2.17008
1.55	0.616279	-0.0673026
1.55	0.627907	0.820549
1.55	0.639535	0.462012
1.55	0.651163	-0.270406
1.55	0.662791	0.839559
1.55	0.674419	0.313165
1.55	0.686047	-0.232337
1.55	0.697674	0.803694
1.55	0.709302	0.281636
1.55	0.72093	-0.371807
1.55	0.732558	1.18387
1.55	0.744186	-0.421488
1.55	0.755814	2.23811
1.55	0.767442	-0.720362
1.55	0.77907	0.901808
1.55	0.790698	0.0991805
1.55	0.802326	0.601104
1.55	0.813953	0.332276
1.55	0.825581	0.248948
1.55	0.837209	0.599416
1.55	0.848837	0.918198
1.55	0.860465	0.173398
1.55	0.872093	1.30661
1.55	0.883721	0.178403
1.55	0.895349	1.2438
1.55	0.906977	0.930504
1.55	0.918605	1.39103
1.55	0.930233	1.30819
1.55	0.94186	2.12372
1.55	0.953488	-0.155393
1.55	0.965116	1.31622
1.55	0.976744	1.34364
1.55	0.988372	1.07806
1.55	1	4.24896e-322
1.6	0	4.94066e-324
1.6	0.0116279	1.14375
1.6	0.0232558	1.40011
1.6	0.0348837	1.75336
1.6	0.0465116	0.794873
1.6	0.0581395	2.23783
1.6	0.0697674	1.5305
1.6	0.0813953	1.9653
1.6	0.0930233	1.41877
1.6	0.104651	2.21088
1.6	0.116279	0.943696
1.6	0.127907	2.04523
1.6	0.139535	1.09937
1.6	0.151163	1.245
1.6	0.162791	1.43559
1.6	0.174419	0.612336
1.6	0.186047	0.785378
1.6	0.197674	0.821932
1.6	0.209302	0.271159
1.6	0.22093	1.70124
1.6	0.232558	-0.448203
1.6	0.244186	3.38646
1.6	0.255814	-0.194897
1.6	0.267442	1.99583
1.6	0.27907	-0.366807
1.6	0.290698	0.532348
1.6	0.302326	0.956573
1.6	0.313953	-0.211595
1.6	0.325581	0.537321
1.6	0.337209	1.0432
1.6	0.348837	-0.259911
1.6	0.360465	0.834215
1.6	0.372093	0.756289
1.6	0.383721	0.322342
1.6	0.395349	2.52918
1.6	0.406977	-1.78675
1.6	0.418605	2.49886
1.6	0.430233	-1.28758
1.6	0.44186	-0.489245
1.6	0.453488	0.419306
1.6	0.465116	-0.8237
1.6	0.476744	-0.753744
1.6	0.488372	-0.406859
1.6	0.5	-1.39781
1.6	0.511628	-0.406859
1.6	0.523256	-0.753744
1.6	0.534884	-0.8237
1.6	0.546512	0.419306
1.6	0.55814	-0.489245
1.6	0.569767	-1.28758
1.6	0.581395	2.49886
1.6	0.593023	-1.78675
1.6	0.604651	2.52918
1.6	0.616279	0.322342
1.6	0.627907	0.756289
1.6	0.639535	0.834215
1.6	0.651163	-0.259911
1.6	0.662791	1.0432
1.6	0.674419	0.537321
1.6	0.686047	-0.211595
1.6	0.697674	0.956573
1.6	0.709302	0.532348
1.6	0.72093	-0.366807
1.6	0.732558	1.99583
1.6	0.744186	-0.194897
1.6	0.755814	3.38646
1.6	0.767442	-0.448203
1.6	0.77907	1.70124
1.6	0.790698	0.271159
1.6	0.802326	0.821932
1.6	0.813953	0.785378
1.6	0.825581	0.612336
1.6	0.837209	1.43559
1.6	0.848837	1.245
1.6	0.860465	1.09937
1.6	0.872093	2.04523
1.6	0.883721	0.943696
1.6	0.895349	2.21088
1.6	0.906977	1.41877
1.6	0.918605	1.9653
1.6	0.930233	1.5305
1.6	0.94186	2.23783
1.6	0.953488	0.794873
1.6	0.965116	1.75336
1.6	0.976744	1.40011
1.6	0.988372	1.14375
1.6	1	4.24896e-322
1.65	0	4.94066e-324
1.65	0.0116279	1.13082
1.65	0.0232558	1.46987
1.65	0.0348837	1.81834
1.65	0.0465116	0.953995
1.65	0.0581395	2.33481
1.65	0.0697674	1.5986
1.65	0.0813953	2.1527
1.65	0.0930233	1.51629
1.65	0.104651	2.45111
1.65	0.116279	1.36723
1.65	0.127907	2.31442
1.65	0.139535	1.66303
1.65	0.151163	1.5309
1.65	0.162791	2.14756
1.65	0.174419	1.18846
1.65	0.186047	0.950618
1.65	0.197674	1.01725
1.65	0.209302	0.312865
1.65	0.22093	2.94888
1.65	0.232558	-0.146864
1.65	0.244186	3.6242
1.65	0.255814	0.0309616
1.65	0.267442	3.2899
1.65	0.27907	-0.358318
1.65	0.290698	0.632174
1.65	0.302326	1.11528
1.65	0.313953	-0.231759
1.65	0.325581	0.691182
1.65	0.337209	1.05489
1.65	0.348837	-0.265567
1.65	0.360465	0.995295
1.65	0.372093	0.756506
1.65	0.383721	0.357306
1.65	0.395349	2.50232
1.65	0.406977	-1.78567
1.65	0.418605	2.55873
1.65	0.430233	-1.46717
1.65	0.44186	-0.115385
1.65	0.453488	0.355735
1.65	0.465116	-0.910955
1.65	0.476744	-0.646847
1.65	0.488372	0.686097
1.65	0.5	-1.17376
1.65	0.511628	0.686097
1.65	0.523256	-0.646847
1.65	0.534884	-0.910955
1.65	0.546512	0.355735
1.65	0.55814	-0.115385
1.65	0.569767	-1.46717
1.65	0.581395	2.55873
1.65	0.593023	-1.78567
1.65	0.604651	2.50232
1.65	0.616279	0.357306
1.65	0.627907	0.756506
1.65	0.639535	0.995295
1.65	0.651163	-0.265567
1.65	0.662791	1.05489
1.65	0.674419	0.691182
1.65	0.686047	-0.231759
1.65	0.697674	1.11528
1.65	0.709302	0.632174
1.65	0.72093	-0.358318
1.65	0.732558	3.2899
1.65	0.744186	0.0309616
1.65	0.755814	3.6242
1.65	0.767442	-0.146864
1.65	0.77907	2.94888
1.65	0.790698	0.312865
1.65	0.802326	1.01725
1.65	0.813953	0.950618
1.65	0.825581	1.18846
1.65	0.837209	2.14756
1.65	0.848837	1.5309
1.65	0.860465	1.66303
1.65	0.872093	2.31442
1.65	0.883721	1.36723
1.65	0.895349	2.45111
1.65	0.906977	1.51629
1.65	0.918605	2.1527
1.65	0.930233	1.5986
1.65	0.94186	2.33481
1.65	0.953488	0.953995
1.65	0.965116	1.81834
1.65	0.976744	1.46987
1.65	0.988372	1.13082
1.65	1	4.24896e-322
1.7	0	4.94066e-324
1.7	0.0116279	1.08157
1.7	0.0232558	1.51745
1.7	0.0348837	1.82064
1.7	0.0465116	1.02482
1.7	0.0581395	2.3751
1.7	0.0697674	1.61375
1.7	0.0813953	2.23313
1.7	0.0930233	1.59503
1.7	0.104651	2.54123
1.7	0.116279	1.41558
1.7	0.127907	2.46775
1.7	0.139535	1.75768
1.7	0.151163	1.766
1.7	0.162791	2.36197
1.7	0.174419	1.58984
1.7	0.186047	1.10074
1.7	0.197674	1.19862
1.7	0.209302	0.497859
1.7	0.22093	2.94303
1.7	0.232558	-0.00829106
1.7	0.244186	3.64224
1.7	0.255814	0.13453
1.7	0.267442	3.40624
1.7	0.27907	-0.293117
1.7	0.290698	0.647211
1.7	0.302326	1.36348
1.7	0.313953	-0.291688
1.7	0.325581	0.899731
1.7	0.337209	1.08436
1.7	0.348837	-0.217174
1.7	0.360465	1.13958
1.7	0.372093	0.765512
1.7	0.383721	0.514331
1.7	0.395349	2.57675
1.7	0.406977	-1.7474
1.7	0.418605	2.62616
1.7	0.430233	-1.71293
1.7	0.44186	0.470786
1.7	0.453488	0.718083
1.7	0.465116	-0.634604
1.7	0.476744	0.790089
1.7	0.488372	1.3576
1.7	0.5	-0.737285
1.7	0.511628	1.3576
1.7	0.523256	0.790089
1.7	0.534884	-0.634604
1.7	0.546512	0.718083
1.7	0.55814	0.470786
1.7	0.569767	-1.71293
1.7	0.581395	2.62616
1.7	0.593023	-1.7474
1.7	0.604651	2.57675
1.7	0.616279	0.514331
1.7	0.627907	0.765512
1.7	0.639535	1.13958
1.7	0.651163	-0.217174
1.7	0.662791	1.08436
1.7	0.674419	0.899731
1.7	0.686047	-0.291688
1.7	0.697674	1.36348
1.7	0.709302	0.647211
1.7	0.72093	-0.293117
1.7	0.732558	3.40624
1.7	0.744186	0.13453
1.7	0.755814	3.64224
1.7	0.767442	-0.00829106
1.7	0.77907	2.94303
1.7	0.790698	0.497859
1.7	0.802326	1.19862
1.7	0.813953	1.10074
1.7	0.825581	1.58984
1.7	0.837209	2.36197
1.7	0.848837	1.766
1.7	0.860465	1.75768
1.7	0.872093	2.46775
1.7	0.883721	1.41558
1.7	0.895349	2.54123
1.7	0.906977	1.59503
1.7	0.918605	2.23313
1.7	0.930233	1.61375
1.7	0.94186	2.3751
1.7	0.953488	1.02482
1.7	0.965116	1.82064
1.7	0.976744	1.51745
1.7	0.988372	1.08157
1.7	1	4.24896e-322
1.75	0	4.94066e-324
1.75	0.0116279	0.922646
1.75	0.0232558	1.493
1.75	0.0348837	1.75197
1.75	0.0465116	0.949842
1.75	0.0581395	2.35081
1.75	0.0697674	1.46978
1.75	0.0813953	2.18037
1.75	0.0930233	1.49782
1.75	0.104651	2.47709
1.75	0.116279	1.06175
1.75	0.127907	2.50158
1.75	0.139535	1.36242
1.75	0.151163	1.87573
1.75	0.162791	1.99295
1.75	0.174419	1.31729
1.75	0.186047	0.950629
1.75	0.197674	1.1083
1.75	0.209302	0.532623
1.75	0.22093	2.47424
1.75	0.232558	-0.0887259
1.75	0.244186	3.60526
1.75	0.255814	0.0791872
1.75	0.267442	3.41805
1.75	0.27907	-0.321226
1.75	0.290698	0.69217
1.75	0.302326	1.45084
1.75	0.313953	-0.278558
1.75	0.325581	1.10033
1.75	0.337209	1.24301
1.75	0.348837	-0.147875
1.75	0.360465	1.43323
1.75	0.372093	0.768055
1.75	0.383721	1.06398
1.75	0.395349	2.88792
1.75	0.406977	-1.50314
1.75	0.418605	2.74607
1.75	0.430233	-1.7984
1.75	0.44186	1.00414
1.75	0.453488	0.739556
1.75	0.465116	1.06403
1.75	0.476744	1.5513
1.75	0.488372	1.53333
1.75	0.5	1.23553
1.75	0.511628	1.53333
1.75	0.523256	1.5513
1.75	0.534884	1.06403
1.75	0.546512	0.739556
1.75	0.55814	1.00414
1.75	0.569767	-1.7984
1.75	0.581395	2.74607
1.75	0.593023	-1.50314
1.75	0.604651	2.88792
1.75	0.616279	1.06398
1.75	0.627907	0.768055
1.75	0.639535	1.43323
1.75	0.651163	-0.147875
1.75	0.662791	1.24301
1.75	0.674419	1.10033
1.75	0.686047	-0.278558
1.75	0.697674	1.45084
1.75	0.709302	0.69217
1.75	0.72093	-0.321226
1.75	0.732558	3.41805
1.75	0.744186	0.0791872
1.75	0.755814	3.60526
1.75	0.767442	-0.0887259
1.75	0.77907	2.47424
1.75	0.790698	0.532623
1.75	0.802326	1.1083
1.75	0.813953	0.950629
1.75	0.825581	1.31729
1.75	0.837209	1.99295
1.75	0.848837	1.87573
1.75	0.860465	1.36242
1.75	0.872093	2.50158
1.75	0.883721	1.06175
1.75	0.895349	2.47709
1.75	0.906977	1.49782
1.75	0.918605	2.18037
1.75	0.930233	1.46978
1.75	0.94186	2.35081
1.75	0.953488	0.949842
1.75	0.965116	1.75197
1.75	0.976744	1.493
1.75	0.988372	0.922646
1.75	1	4.24896e-322
1.8	0	4.94066e-324
1.8	0.0116279	0.806534
1.8	0.0232558	1.5799
1.8	0.0348837	1.52113
1.8	0.0465116	0.767753
1.8	0.0581395	2.16234
1.8	0.0697674	1.19507
1.8	0.0813953	1.78905
1.8	0.0930233	1.45063
1.8	0.104651	1.67995
1.8	0.116279	0.398875
1.8	0.127907	1.8731
1.8	0.139535	0.263017
1.8	0.151163	2.02424
1.8	0.162791	1.18946
1.8	0.174419	0.9018
1.8	0.186047	0.587272
1.8	0.197674	0.823798
1.8	0.209302	0.4292
1.8	0.22093	1.7604
1.8	0.232558	-0.278126
1.8	0.244186	3.44598
1.8	0.255814	-0.0415812
1.8	0.267442	2.99329
1.8	0.27907	-0.303653
1.8	0.290698	0.791054
1.8	0.302326	1.80489
1.8	0.313953	-0.196889
1.8	0.325581	1.65861
1.8	0.337209	1.10619
1.8	0.348837	0.372874
1.8	0.360465	2.10169
1.8	0.372093	1.0785
1.8	0.383721	1.83785
1.8	0.395349	2.91803
1.8	0.406977	-0.585162
1.8	0.418605	3.15813
1.8	0.430233	-1.42385
1.8	0.44186	1.59905
1.8	0.453488	1.49434
1.8	0.465116	1.84146
1.8	0.476744	1.85727
1.8	0.488372	1.88889
1.8	0.5	1.65892
1.8	0.511628	1.88889
1.8	0.523256	1.85727
1.8	0.534884	1.84146
1.8	0.546512	1.49434
1.8	0.55814	1.59905
1.8	0.569767	-1.42385
1.8	0.581395	3.15813
1.8	0.593023	-0.585162
1.8	0.604651	2.91803
1.8	0.616279	1.83785
1.8	0.627907	1.0785
1.8	0.639535	2.10169
1.8	0.651163	0.372874
1.8	0.662791	1.10619
1.8	0.674419	1.65861
1.8	0.686047	-0.196889
1.8	0.697674	1.80489
1.8	0.709302	0.791054
1.8	0.72093	-0.303653
1.8	0.732558	2.99329
1.8	0.744186	-0.0415812
1.8	0.755814	3.44598
1.8	0.767442	-0.278126
1.8	0.77907	1.7604
1.8	0.790698	0.4292
1.8	0.802326	0.823798
1.8	0.813953	0.587272
1.8	0.825581	0.9018
1.8	0.837209	1.18946
1.8	0.848837	2.02424
1.8	0.860465	0.263017
1.8	0.872093	1.8731
1.8	0.883721	0.398875
1.8	0.895349	1.67995
1.8	0.906977	1.45063
1.8	0.918605	1.78905
1.8	0.930233	1.19507
1.8	0.94186	2.16234
1.8	0.953488	0.767753
1.8	0.965116	1.52113
1.8	0.976744	1.5799
1.8	0.988372	0.806534
1.8	1	4.24896e-322
1.85	0	4.94066e-324
1.85	0.0116279	0.660337
1.85	0.0232558	1.68083
1.85	0.0348837	0.899756
1.85	0.0465116	0.261411
1.85	0.0581395	1.80511
1.85	0.0697674	0.430037
1.85	0.0813953	1.27174
1.85	0.0930233	0.577183
1.85	0.104651	0.780323
1.85	0.116279	-0.133724
1.85	0.127907	1.17706
1.85	0.139535	-0.331913
1.85	0.151163	1.4879
1.85	0.162791	0.377346
1.85	0.174419	0.738984
1.85	0.186047	0.106383
1.85	0.197674	0.694361
1.85	0.209302	0.179525
1.85	0.22093	1.31825
1.85	0.232558	-0.533697
1.85	0.244186	3.36246
1.85	0.255814	-0.398177
1.85	0.267442	2.45779
1.85	0.27907	-0.300676
1.85	0.290698	0.903568
1.85	0.302326	1.77237
1.85	0.313953	0.0495439
1.85	0.325581	2.39782
1.85	0.337209	0.805626
1.85	0.348837	0.70123
1.85	0.360465	2.50464
1.85	0.372093	1.38281
1.85	0.383721	2.07714
1.85	0.395349	2.61083
1.85	0.406977	0.54477
1.85	0.418605	3.93142
1.85	0.430233	-0.0964159
1.85	0.44186	2.58889
1.85	0.453488	1.68969
1.85	0.465116	2.43569
1.85	0.476744	2.08594
1.85	0.488372	2.42884
1.85	0.5	1.91301
1.85	0.511628	2.42884
1.85	0.523256	2.08594
1.85	0.534884	2.43569
1.85	0.546512	1.68969
1.85	0.55814	2.58889
1.85	0.569767	-0.0964159
1.85	0.581395	3.93142
1.85	0.593023	0.54477
1.85	0.604651	2.61083
1.85	0.616279	2.07714
1.85	0.627907	1.38281
1.85	0.639535	2.50464
1.85	0.651163	0.70123
1.85	0.662791	0.805626
1.85	0.674419	2.39782
1.85	0.686047	0.0495439
1.85	0.697674	1.77237
1.85	0.709302	0.903568
1.85	0.72093	-0.300676
1.85	0.732558	2.45779
1.85	0.744186	-0.398177
1.85	0.755814	3.36246
1.85	0.767442	-0.533697
1.85	0.77907	1.31825
1.85	0.790698	0.179525
1.85	0.802326	0.694361
1.85	0.813953	0.106383
1.85	0.825581	0.738984
1.85	0.837209	0.377346
1.85	0.848837	1.4879
1.85	0.860465	-0.331913
1.85	0.872093	1.17706
1.85	0.883721	-0.133724
1.85	0.895349	0.780323
1.85	0.906977	0.577183
1.85	0.918605	1.27174
1.85	0.930233	0.430037
1.85	0.94186	1.80511
1.85	0.953488	0.261411
1.85	0.965116	0.899756
1.85	0.976744	1.68083
1.85	0.988372	0.660337
1.85	1	4.24896e-322
1.9	0	4.94066e-324
1.9	0.0116279	-0.559652
1.9	0.0232558	1.1996
1.9	0.0348837	-0.806328
1.9	0.0465116	0.133072
1.9	0.0581395	0.750109
1.9	0.0697674	-0.741384
1.9	0.0813953	0.648207
1.9	0.0930233	-0.291721
1.9	0.104651	0.502803
1.9	0.116279	-0.666629
1.9	0.127907	0.901131
1.9	0.139535	-0.801129
1.9	0.151163	1.047
1.9	0.162791	-0.0932787
1.9	0.174419	0.701775
1.9	0.186047	-0.204455
1.9	0.197674	0.687335
1.9	0.209302	-0.0577283
1.9	0.22093	0.965336
1.9	0.232558	-0.725224
1.9	0.244186	2.9578
1.9	0.255814	-0.746639
1.9	0.267442	1.85417
1.9	0.27907	-0.381334
1.9	0.290698	0.90084
1.9	0.302326	1.87212
1.9	0.313953	-0.090488
1.9	0.325581	2.32798
1.9	0.337209	0.979017
1.9	0.348837	1.13551
1.9	0.360465	2.96965
1.9	0.372093	1.69554
1.9	0.383721	2.34993
1.9	0.395349	2.73798
1.9	0.406977	0.97922
1.9	0.418605	4.30609
1.9	0.430233	1.22855
1.9	0.44186	3.52388
1.9	0.453488	1.93158
1.9	0.465116	2.94088
1.9	0.476744	2.35837
1.9	0.488372	2.86908
1.9	0.5	2.18277
1.9	0.511628	2.86908
1.9	0.523256	2.35837
1.9	0.534884	2.94088
1.9	0.546512	1.93158
1.9	0.55814	3.52388
1.9	0.569767	1.22855
1.9	0.581395	4.30609
1.9	0.593023	0.97922
1.9	0.604651	2.73798
1.9	0.616279	2.34993
1.9	0.627907	1.69554
1.9	0.639535	2.96965
1.9	0.651163	1.13551
1.9	0.662791	0.979017
1.9	0.674419	2.32798
1.9	0.686047	-0.090488
1.9	0.697674	1.87212
1.9	0.709302	0.90084
1.9	0.72093	-0.381334
1.9	0.732558	1.85417
1.9	0.744186	-0.746639
1.9	0.755814	2.9578
1.9	0.767442	-0.725224
1.9	0.77907	0.965336
1.9	0.790698	-0.0577283
1.9	0.802326	0.687335
1.9	0.813953	-0.204455
1.9	0.825581	0.701775
1.9	0.837209	-0.0932787
1.9	0.848837	1.047
1.9	0.860465	-0.801129
1.9	0.872093	0.901131
1.9	0.883721	-0.666629
1.9	0.895349	0.502803
1.9	0.906977	-0.291721
1.9	0.918605	0.648207
1.9	0.930233	-0.741384
1.9	0.94186	0.750109
1.9	0.953488	0.133072
1.9	0.965116	-0.806328
1.9	0.976744	1.1996
1.9	0.988372	-0.559652
1.9	1	4.24896e-322
1.95	0	4.94066e-324
1.95	0.0116279	-1.17907
1.95	0.0232558	-0.715915
1.95	0.0348837	-0.954842
1.95	0.0465116	-0.999343
1.95	0.0581395	0.732858
1.95	0.0697674	-1.4026
1.95	0.0813953	0.022064
1.95	0.0930233	-0.759867
1.95	0.104651	0.392672
1.95	0.116279	-1.13888
1.95	0.127907	0.695537
1.95	0.139535	-1.11411
1.95	0.151163	0.751247
1.95	0.162791	-0.341796
1.95	0.174419	0.563624
1.95	0.186047	-0.43325
1.95	0.197674	0.497529
1.95	0.209302	-0.17078
1.95	0.22093	0.720945
1.95	0.232558	-0.845367
1.95	0.244186	2.23914
1.95	0.255814	-1.1792
1.95	0.267442	2.22308
1.95	0.27907	-0.528924
1.95	0.290698	0.904051
1.95	0.302326	1.92228
1.95	0.313953	-0.299468
1.95	0.325581	2.0438
1.95	0.337209	1.47446
1.95	0.348837	1.3919
1.95	0.360465	3.24088
1.95	0.372093	2.00621
1.95	0.383721	2.42702
1.95	0.395349	3.13162
1.95	0.406977	0.952142
1.95	0.418605	4.89247
1.95	0.430233	1.63057
1.95	0.44186	4.08423
1.95	0.453488	2.20958
1.95	0.465116	3.24784
1.95	0.476744	2.62976
1.95	0.488372	3.08077
1.95	0.5	2.45709
1.95	0.511628	3.08077
1.95	0.523256	2.62976
1.95	0.534884	3.24784
1.95	0.546512	2.20958
1.95	0.55814	4.08423
1.95	0.569767	1.63057
1.95	0.581395	4.89247
1.95	0.593023	0.952142
1.95	0.604651	3.13162
1.95	0.616279	2.42702
1.95	0.627907	2.00621
1.95	0.639535	3.24088
1.95	0.651163	1.3919
1.95	0.662791	1.47446
1.95	0.674419	2.0438
1.95	0.686047	-0.299468
1.95	0.697674	1.92228
1.95	0.709302	0.904051
1.95	0.72093	-0.528924
1.95	0.732558	2.22308
1.95	0.744186	-1.1792
1.95	0.755814	2.23914
1.95	0.767442	-0.845367
1.95	0.77907	0.720945
1.95	0.790698	-0.17078
1.95	0.802326	0.497529
1.95	0.813953	-0.43325
1.95	0.825581	0.563624
1.95	0.837209	-0.341796
1.95	0.848837	0.751247
1.95	0.860465	-1.11411
1.95	0.872093	0.695537
1.95	0.883721	-1.13888
1.95	0.895349	0.392672
1.95	0.906977	-0.759867
1.95	0.918605	0.022064
1.95	0.930233	-1.4026
1.95	0.94186	0.732858
1.95	0.953488	-0.999343
1.95	0.965116	-0.954842
1.95	0.976744	-0.715915
1.95	0.988372	-1.17907
1.95	1	4.24896e-322
2	0	4.94066e-324
2	0.0116279	-1.24079
2	0.0232558	-1.15675
2	0.0348837	-0.920692
2	0.0465116	-1.32119
2	0.0581395	0.198946
2	0.0697674	-1.41941
2	0.0813953	-0.243679
2	0.0930233	-0.929783
2	0.104651	0.485082
2	0.116279	-1.46058
2	0.127907	0.546474
2	0.139535	-1.18416
2	0.151163	0.599527
2	0.162791	-0.454213
2	0.174419	0.561519
2	0.186047	-0.59265
2	0.197674	0.385355
2	0.209302	-0.248983
2	0.22093	0.680546
2	0.232558	-0.956587
2	0.244186	2.29365
2	0.255814	-1.41901
2	0.267442	2.55095
2	0.27907	-0.6659
2	0.290698	0.936415
2	0.302326	1.8881
2	0.313953	-0.399721
2	0.325581	1.99878
2	0.337209	1.715
2	0.348837	1.33291
2	0.360465	3.2238
2	0.372093	2.17371
2	0.383721	2.25074
2	0.395349	3.45548
2	0.406977	0.869956
2	0.418605	5.05153
2	0.430233	1.7115
2	0.44186	4.3203
2	0.453488	2.27263
2	0.465116	3.39767
2	0.476744	2.71533
2	0.488372	3.13136
2	0.5	2.57577
2	0.511628	3.13136
2	0.523256	2.71533
2	0.534884	3.39767
2	0.546512	2.27263
2	0.55814	4.3203
2	0.569767	1.7115
2	0.581395	5.05153
2	0.593023	0.869956
2	0.604651	3.45548
2	0.616279	2.25074
2	0.627907	2.17371
2	0.639535	3.2238
2	0.651163	1.33291
2	0.662791	1.715
2	0.674419	1.99878
2	0.686047	-0.399721
2	0.697674	1.8881
2	0.709302	0.936415
2	0.72093	-0.6659
2	0.732558	2.55095
2	0.744186	-1.41901
2	0.755814	2.29365
2	0.767442	-0.956587
2	0.77907	0.680546
2	0.790698	-0.248983
2	0.802326	0.385355
2	0.813953	-0.59265
2	0.825581	0.561519
2	0.837209	-0.454213
2	0.848837	0.599527
2	0.860465	-1.18416
2	0.872093	0.546474
2	0.883721	-1.46058
2	0.895349	0.485082
2	0.906977	-0.929783
2	0.918605	-0.243679
2	0.930233	-1.41941
2	0.94186	0.198946
2	0.953488	-1.32119
2	0.965116	-0.920692
2	0.976744	-1.15675
2	0.988372	-1.24079
2	1	4.24896e-322
2.05	0	4.94066e-324
2.05	0.0116279	-1.04263
2.05	0.0232558	-1.10544
2.05	0.0348837	-0.579121
2.05	0.0465116	-1.2086
2.05	0.0581395	0.189259
2.05	0.0697674	-1.07317
2.05	0.0813953	0.183466
2.05	0.0930233	-1.07324
2.05	0.104651	0.824191
2.05	0.116279	-1.59153
2.05	0.127907	0.709337
2.05	0.139535	-1.10876
2.05	0.151163	0.635321
2.05	0.162791	-0.476084
2.05	0.174419	0.737049
2.05	0.186047	-0.699621
2.05	0.197674	0.39846
2.05	0.209302	-0.29492
2.05	0.22093	0.835186
2.05	0.232558	-1.10784
2.05	0.244186	2.95692
2.05	0.255814	-1.29444
2.05	0.267442	3.02362
2.05	0.27907	-0.796495
2.05	0.290698	0.99541
2.05	0.302326	1.80279
2.05	0.313953	-0.402693
2.05	0.325581	2.14579
2.05	0.337209	1.56194
2.05	0.348837	1.11488
2.05	0.360465	2.95448
2.05	0.372093	2.34121
2.05	0.383721	1.81505
2.05	0.395349	3.7634
2.05	0.406977	0.604324
2.05	0.418605	4.73458
2.05	0.430233	1.4645
2.05	0.44186	4.14431
2.05	0.453488	2.00423
2.05	0.465116	3.40567
2.05	0.476744	2.5297
2.05	0.488372	3.06719
2.05	0.5	2.45012
2.05	0.511628	3.06719
2.05	0.523256	2.5297
2.05	0.534884	3.40567
2.05	0.546512	2.00423
2.05	0.55814	4.14431
2.05	0.569767	1.4645
2.05	0.581395	4.73458
2.05	0.593023	0.604324
2.05	0.604651	3.7634
2.05	0.616279	1.81505
2.05	0.627907	2.34121
2.05	0.639535	2.95448
2.05	0.651163	1.11488
2.05	0.662791	1.56194
2.05	0.674419	2.14579
2.05	0.686047	-0.402693
2.05	0.697674	1.80279
2.05	0.709302	0.99541
2.05	0.72093	-0.796495
2.05	0.732558	3.02362
2.05	0.744186	-1.29444
2.05	0.755814	2.95692
2.05	0.767442	-1.10784
2.05	0.77907	0.835186
2.05	0.790698	-0.29492
2.05	0.802326	0.39846
2.05	0.813953	-0.699621
2.05	0.825581	0.737049
2.05	0.837209	-0.476084
2.05	0.848837	0.635321
2.05	0.860465	-1.10876
2.05	0.872093	0.709337
2.05	0.883721	-1.59153
2.05	0.895349	0.824191
2.05	0.906977	-1.07324
2.05	0.918605	0.183466
2.05	0.930233	-1.07317
2.05	0.94186	0.189259
2.05	0.953488	-1.2086
2.05	0.965116	-0.579121
2.05	0.976744	-1.10544
2.05	0.988372	-1.04263
2.05	1	4.24896e-322
2.1	0	4.94066e-324
2.1	0.0116279	0.403065
2.1	0.0232558	-0.479737
2.1	0.0348837	0.40272
2.1	0.0465116	-1.08494
2.1	0.0581395	0.557211
2.1	0.0697674	-0.761054
2.1	0.0813953	0.671553
2.1	0.0930233	-1.22698
2.1	0.104651	1.29778
2.1	0.116279	-1.44227
2.1	0.127907	1.20951
2.1	0.139535	-0.785093
2.1	0.151163	0.867622
2.1	0.162791	-0.423993
2.1	0.174419	1.11962
2.1	0.186047	-0.721507
2.1	0.197674	0.639523
2.1	0.209302	-0.172762
2.1	0.22093	1.19662
2.1	0.232558	-1.16472
2.1	0.244186	3.49063
2.1	0.255814	-0.905203
2.1	0.267442	3.73541
2.1	0.27907	-0.928971
2.1	0.290698	1.17081
2.1	0.302326	1.58669
2.1	0.313953	-0.181827
2.1	0.325581	2.73404
2.1	0.337209	1.18525
2.1	0.348837	0.728076
2.1	0.360465	2.55547
2.1	0.372093	2.62409
2.1	0.383721	1.11019
2.1	0.395349	3.9965
2.1	0.406977	0.0318671
2.1	0.418605	4.00549
2.1	0.430233	0.798687
2.1	0.44186	3.50776
2.1	0.453488	1.4629
2.1	0.465116	3.13878
2.1	0.476744	2.23437
2.1	0.488372	2.79892
2.1	0.5	2.2137
2.1	0.511628	2.79892
2.1	0.523256	2.23437
2.1	0.534884	3.13878
2.1	0.546512	1.4629
2.1	0.55814	3.50776
2.1	0.569767	0.798687
2.1	0.581395	4.00549
2.1	0.593023	0.0318671
2.1	0.604651	3.9965
2.1	0.616279	1.11019
2.1	0.627907	2.62409
2.1	0.639535	2.55547
2.1	0.651163	0.728076
2.1	0.662791	1.18525
2.1	0.674419	2.73404
2.1	0.686047	-0.181827
2.1	0.697674	1.58669
2.1	0.709302	1.17081
2.1	0.72093	-0.928971
2.1	0.732558	3.73541
2.1	0.744186	-0.905203
2.1	0.755814	3.49063
2.1	0.767442	-1.16472
2.1	0.77907	1.19662
2.1	0.790698	-0.172762
2.1	0.802326	0.639523
2.1	0.813953	-0.721507
2.1	0.825581	1.11962
2.1	0.837209	-0.423993
2.1	0.848837	0.867622
2.1	0.860465	-0.785093
2.1	0.872093	1.20951
2.1	0.883721	-1.44227
2.1	0.895349	1.29778
2.1	0.906977	-1.22698
2.1	0.918605	0.671553
2.1	0.930233	-0.761054
2.1	0.94186	0.557211
2.1	0.953488	-1.08494
2.1	0.965116	0.40272
2.1	0.976744	-0.479737
2.1	0.988372	0.403065
2.1	1	4.24896e-322
2.15	0	4.94066e-324
2.15	0.0116279	0.994201
2.15	0.0232558	0.758067
2.15	0.0348837	0.903911
2.15	0.0465116	-0.552065
2.15	0.0581395	1.06253
2.15	0.0697674	-0.185045
2.15	0.0813953	1.02218
2.15	0.0930233	-1.35661
2.15	0.104651	1.93531
2.15	0.116279	-1.1883
2.15	0.127907	2.20424
2.15	0.139535	-0.0243509
2.15	0.151163	1.15217
2.15	0.162791	-0.0784755
2.15	0.174419	1.48653
2.15	0.186047	-0.443986
2.15	0.197674	0.953855
2.15	0.209302	0.173662
2.15	0.22093	1.6674
2.15	0.232558	-0.900203
2.15	0.244186	3.78859
2.15	0.255814	-0.660952
2.15	0.267442	4.14408
2.15	0.27907	-0.910282
2.15	0.290698	1.40498
2.15	0.302326	1.43364
2.15	0.313953	-0.200998
2.15	0.325581	2.67483
2.15	0.337209	1.2211
2.15	0.348837	0.349758
2.15	0.360465	2.11227
2.15	0.372093	2.85679
2.15	0.383721	0.521982
2.15	0.395349	3.98824
2.15	0.406977	-0.618901
2.15	0.418605	3.58519
2.15	0.430233	-0.686166
2.15	0.44186	2.46417
2.15	0.453488	0.915634
2.15	0.465116	2.5495
2.15	0.476744	2.11621
2.15	0.488372	2.18225
2.15	0.5	2.10125
2.15	0.511628	2.18225
2.15	0.523256	2.11621
2.15	0.534884	2.5495
2.15	0.546512	0.915634
2.15	0.55814	2.46417
2.15	0.569767	-0.686166
2.15	0.581395	3.58519
2.15	0.593023	-0.618901
2.15	0.604651	3.98824
2.15	0.616279	0.521982
2.15	0.627907	2.85679
2.15	0.639535	2.11227
2.15	0.651163	0.349758
2.15	0.662791	1.2211
2.15	0.674419	2.67483
2.15	0.686047	-0.200998
2.15	0.697674	1.43364
2.15	0.709302	1.40498
2.15	0.72093	-0.910282
2.15	0.732558	4.14408
2.15	0.744186	-0.660952
2.15	0.755814	3.78859
2.15	0.767442	-0.900203
2.15	0.77907	1.6674
2.15	0.790698	0.173662
2.15	0.802326	0.953855
2.15	0.813953	-0.443986
2.15	0.825581	1.48653
2.15	0.837209	-0.0784755
2.15	0.848837	1.15217
2.15	0.860465	-0.0243509
2.15	0.872093	2.20424
2.15	0.883721	-1.1883
2.15	0.895349	1.93531
2.15	0.906977	-1.35661
2.15	0.918605	1.02218
2.15	0.930233	-0.185045
2.15	0.94186	1.06253
2.15	0.953488	-0.552065
2.15	0.965116	0.903911
2.15	0.976744	0.758067
2.15	0.988372	0.994201
2.15	1	4.24896e-322
2.2	0	4.94066e-324
2.2	0.0116279	1.19034
2.2	0.0232558	1.06628
2.2	0.0348837	1.58088
2.2	0.0465116	0.540121
2.2	0.0581395	1.36439
2.2	0.0697674	0.604283
2.2	0.0813953	1.14729
2.2	0.0930233	-1.44812
2.2	0.104651	2.56245
2.2	0.116279	-0.838141
2.2	0.127907	3.05961
2.2	0.139535	0.884854
2.2	0.151163	1.56598
2.2	0.162791	0.389978
2.2	0.174419	1.82444
2.2	0.186047	0.0328172
2.2	0.197674	1.31677
2.2	0.209302	0.532763
2.2	0.22093	2.17812
2.2	0.232558	-0.515599
2.2	0.244186	3.95742
2.2	0.255814	-0.432437
2.2	0.267442	4.36803
2.2	0.27907	-0.824234
2.2	0.290698	1.51236
2.2	0.302326	1.46634
2.2	0.313953	-0.463425
2.2	0.325581	2.21001
2.2	0.337209	1.31142
2.2	0.348837	0.0495747
2.2	0.360465	1.63004
2.2	0.372093	3.18555
2.2	0.383721	-0.296416
2.2	0.395349	3.14717
2.2	0.406977	-0.981851
2.2	0.418605	2.87663
2.2	0.430233	-1.05946
2.2	0.44186	2.00467
2.2	0.453488	-0.696327
2.2	0.465116	1.8164
2.2	0.476744	2.0459
2.2	0.488372	1.32946
2.2	0.5	1.95971
2.2	0.511628	1.32946
2.2	0.523256	2.0459
2.2	0.534884	1.8164
2.2	0.546512	-0.696327
2.2	0.55814	2.00467
2.2	0.569767	-1.05946
2.2	0.581395	2.87663
2.2	0.593023	-0.981851
2.2	0.604651	3.14717
2.2	0.616279	-0.296416
2.2	0.627907	3.18555
2.2	0.639535	1.63004
2.2	0.651163	0.0495747
2.2	0.662791	1.31142
2.2	0.674419	2.21001
2.2	0.686047	-0.463425
2.2	0.697674	1.46634
2.2	0.709302	1.51236
2.2	0.72093	-0.824234
2.2	0.732558	4.36803
2.2	0.744186	-0.432437
2.2	0.755814	3.95742
2.2	0.767442	-0.515599
2.2	0.77907	2.17812
2.2	0.790698	0.532763
2.2	0.802326	1.31677
2.2	0.813953	0.0328172
2.2	0.825581	1.82444
2.2	0.837209	0.389978
2.2	0.848837	1.56598
2.2	0.860465	0.884854
2.2	0.872093	3.05961
2.2	0.883721	-0.838141
2.2	0.895349	2.56245
2.2	0.906977	-1.44812
2.2	0.918605	1.14729
2.2	0.930233	0.604283
2.2	0.94186	1.36439
2.2	0.953488	0.540121
2.2	0.965116	1.58088
2.2	0.976744	1.06628
2.2	0.988372	1.19034
2.2	1	4.24896e-322
2.25	0	4.94066e-324
2.25	0.0116279	1.36123
2.25	0.0232558	1.27341
2.25	0.0348837	1.84151
2.25	0.0465116	0.935233
2.25	0.0581395	1.7092
2.25	0.0697674	1.1414
2.25	0.0813953	1.65968
2.25	0.0930233	-1.27555
2.25	0.104651	3.34872
2.25	0.116279	0.120289
2.25	0.127907	3.04231
2.25	0.139535	1.33058
2.25	0.151163	2.02969
2.25	0.162791	0.761609
2.25	0.174419	2.47295
2.25	0.186047	0.465359
2.25	0.197674	1.39246
2.25	0.209302	1.01171
2.25	0.22093	2.00209
2.25	0.232558	-0.235431
2.25	0.244186	3.8145
2.25	0.255814	-0.31468
2.25	0.267442	4.33299
2.25	0.27907	-0.725416
2.25	0.290698	1.52266
2.25	0.302326	1.9005
2.25	0.313953	-0.799483
2.25	0.325581	2.12776
2.25	0.337209	1.06906
2.25	0.348837	-0.0970259
2.25	0.360465	0.984947
2.25	0.372093	3.08206
2.25	0.383721	-1.15511
2.25	0.395349	2.38921
2.25	0.406977	-1.25376
2.25	0.418605	2.30436
2.25	0.430233	-1.18511
2.25	0.44186	1.40195
2.25	0.453488	-1.15363
2.25	0.465116	1.36263
2.25	0.476744	1.95383
2.25	0.488372	-0.456821
2.25	0.5	1.47147
2.25	0.511628	-0.456821
2.25	0.523256	1.95383
2.25	0.534884	1.36263
2.25	0.546512	-1.15363
2.25	0.55814	1.40195
2.25	0.569767	-1.18511
2.25	0.581395	2.30436
2.25	0.593023	-1.25376
2.25	0.604651	2.38921
2.25	0.616279	-1.15511
2.25	0.627907	3.08206
2.25	0.639535	0.984947
2.25	0.651163	-0.0970259
2.25	0.662791	1.06906
2.25	0.674419	2.12776
2.25	0.686047	-0.799483
2.25	0.697674	1.9005
2.25	0.709302	1.52266
2.25	0.72093	-0.725416
2.25	0.732558	4.33299
2.25	0.744186	-0.31468
2.25	0.755814	3.8145
2.25	0.767442	-0.235431
2.25	0.77907	2.00209
2.25	0.790698	1.01171
2.25	0.802326	1.39246
2.25	0.813953	0.465359
2.25	0.825581	2.47295
2.25	0.837209	0.761609
2.25	0.848837	2.02969
2.25	0.860465	1.33058
2.25	0.872093	3.04231
2.25	0.883721	0.120289
2.25	0.895349	3.34872
2.25	0.906977	-1.27555
2.25	0.918605	1.65968
2.25	0.930233	1.1414
2.25	0.94186	1.7092
2.25	0.953488	0.935233
2.25	0.965116	1.84151
2.25	0.976744	1.27341
2.25	0.988372	1.36123
2.25	1	4.24896e-322
2.3	0	4.94066e-324
2.3	0.0116279	1.43858
2.3	0.0232558	1.30867
2.3	0.0348837	1.97256
2.3	0.0465116	1.04212
2.3	0.0581395	1.88373
2.3	0.0697674	1.3098
2.3	0.0813953	2.07504
2.3	0.0930233	-0.741239
2.3	0.104651	3.84265
2.3	0.116279	0.722288
2.3	0.127907	2.89877
2.3	0.139535	1.49901
2.3	0.151163	2.10279
2.3	0.162791	0.942766
2.3	0.174419	2.83882
2.3	0.186047	0.631924
2.3	0.197674	1.27939
2.3	0.209302	1.3337
2.3	0.22093	1.81162
2.3	0.232558	-0.126349
2.3	0.244186	3.60133
2.3	0.255814	-0.371392
2.3	0.267442	4.21808
2.3	0.27907	-0.766367
2.3	0.290698	1.55528
2.3	0.302326	2.22007
2.3	0.313953	-1.13978
2.3	0.325581	2.02649
2.3	0.337209	0.739869
2.3	0.348837	-0.196528
2.3	0.360465	0.197529
2.3	0.372093	2.21079
2.3	0.383721	-1.29872
2.3	0.395349	1.76455
2.3	0.406977	-1.32215
2.3	0.418605	1.71458
2.3	0.430233	-0.97182
2.3	0.44186	0.759645
2.3	0.453488	-1.57437
2.3	0.465116	0.919729
2.3	0.476744	1.52393
2.3	0.488372	-0.936493
2.3	0.5	0.426499
2.3	0.511628	-0.936493
2.3	0.523256	1.52393
2.3	0.534884	0.919729
2.3	0.546512	-1.57437
2.3	0.55814	0.759645
2.3	0.569767	-0.97182
2.3	0.581395	1.71458
2.3	0.593023	-1.32215
2.3	0.604651	1.76455
2.3	0.616279	-1.29872
2.3	0.627907	2.21079
2.3	0.639535	0.197529
2.3	0.651163	-0.196528
2.3	0.662791	0.739869
2.3	0.674419	2.02649
2.3	0.686047	-1.13978
2.3	0.697674	2.22007
2.3	0.709302	1.55528
2.3	0.72093	-0.766367
2.3	0.732558	4.21808
2.3	0.744186	-0.371392
2.3	0.755814	3.60133
2.3	0.767442	-0.126349
2.3	0.77907	1.81162
2.3	0.790698	1.3337
2.3	0.802326	1.27939
2.3	0.813953	0.631924
2.3	0.825581	2.83882
2.3	0.837209	0.942766
2.3	0.848837	2.10279
2.3	0.860465	1.49901
2.3	0.872093	2.89877
2.3	0.883721	0.722288
2.3	0.895349	3.84265
2.3	0.906977	-0.741239
2.3	0.918605	2.07504
2.3	0.930233	1.3098
2.3	0.94186	1.88373
2.3	0.953488	1.04212
2.3	0.965116	1.97256
2.3	0.976744	1.30867
2.3	0.988372	1.43858
2.3	1	4.24896e-322
2.35	0	4.94066e-324
2.35	0.0116279	1.40985
2.35	0.0232558	1.24167
2.35	0.0348837	1.97018
2.35	0.0465116	1.02798
2.35	0.0581395	1.84832
2.35	0.0697674	1.25746
2.35	0.0813953	2.03347
2.35	0.0930233	-0.772794
2.35	0.104651	3.99736
2.35	0.116279	0.78903
2.35	0.127907	2.69863
2.35	0.139535	1.43439
2.35	0.151163	1.85951
2.35	0.162791	0.812087
2.35	0.174419	2.74737
2.35	0.186047	0.421582
2.35	0.197674	1.16029
2.35	0.209302	1.23978
2.35	0.22093	1.56047
2.35	0.232558	-0.241386
2.35	0.244186	3.53745
2.35	0.255814	-0.595448
2.35	0.267442	4.15206
2.35	0.27907	-0.985183
2.35	0.290698	1.39302
2.35	0.302326	1.82972
2.35	0.313953	-1.27402
2.35	0.325581	1.90991
2.35	0.337209	0.66523
2.35	0.348837	-0.373283
2.35	0.360465	-0.122043
2.35	0.372093	1.64753
2.35	0.383721	-1.2765
2.35	0.395349	1.34028
2.35	0.406977	-1.35107
2.35	0.418605	1.25482
2.35	0.430233	-0.860386
2.35	0.44186	0.426669
2.35	0.453488	-1.91824
2.35	0.465116	0.945155
2.35	0.476744	0.805235
2.35	0.488372	-0.861302
2.35	0.5	-1.09696
2.35	0.511628	-0.861302
2.35	0.523256	0.805235
2.35	0.534884	0.945155
2.35	0.546512	-1.91824
2.35	0.55814	0.426669
2.35	0.569767	-0.860386
2.35	0.581395	1.25482
2.35	0.593023	-1.35107
2.35	0.604651	1.34028
2.35	0.616279	-1.2765
2.35	0.627907	1.64753
2.35	0.639535	-0.122043
2.35	0.651163	-0.373283
2.35	0.662791	0.66523
2.35	0.674419	1.90991
2.35	0.686047	-1.27402
2.35	0.697674	1.82972
2.35	0.709302	1.39302
2.35	0.72093	-0.985183
2.35	0.732558	4.15206
2.35	0.744186	-0.595448
2.35	0.755814	3.53745
2.35	0.767442	-0.241386
2.35	0.77907	1.56047
2.35	0.790698	1.23978
2.35	0.802326	1.16029
2.35	0.813953	0.421582
2.35	0.825581	2.74737
2.35	0.837209	0.812087
2.35	0.848837	1.85951
2.35	0.860465	1.43439
2.35	0.872093	2.69863
2.35	0.883721	0.78903
2.35	0.895349	3.99736
2.35	0.906977	-0.772794
2.35	0.918605	2.03347
2.35	0.930233	1.25746
2.35	0.94186	1.84832
2.35	0.953488	1.02798
2.35	0.965116	1.97018
2.35	0.976744	1.24167
2.35	0.988372	1.40985
2.35	1	4.24896e-322
2.4	0	4.94066e-324
2.4	0.0116279	1.3092
2.4	0.0232558	1.09623
2.4	0.0348837	1.82145
2.4	0.0465116	0.743748
2.4	0.0581395	1.56219
2.4	0.0697674	0.951138
2.4	0.0813953	1.66596
2.4	0.0930233	-1.30515
2.4	0.104651	3.65239
2.4	0.116279	0.606563
2.4	0.127907	2.17744
2.4	0.139535	0.827686
2.4	0.151163	1.27584
2.4	0.162791	0.415674
2.4	0.174419	2.2762
2.4	0.186047	-0.10773
2.4	0.197674	1.00094
2.4	0.209302	0.814242
2.4	0.22093	1.31922
2.4	0.232558	-0.560784
2.4	0.244186	3.5412
2.4	0.255814	-1.01963
2.4	0.267442	4.11011
2.4	0.27907	-1.51034
2.4	0.290698	1.28652
2.4	0.302326	1.21959
2.4	0.313953	-1.57973
2.4	0.325581	1.84784
2.4	0.337209	0.673211
2.4	0.348837	-0.560049
2.4	0.360465	-0.0800414
2.4	0.372093	1.43599
2.4	0.383721	-1.15567
2.4	0.395349	1.10396
2.4	0.406977	-1.27278
2.4	0.418605	1.04409
2.4	0.430233	-0.996614
2.4	0.44186	0.749706
2.4	0.453488	-1.96413
2.4	0.465116	1.366
2.4	0.476744	-0.705113
2.4	0.488372	-1.05119
2.4	0.5	-1.0871
2.4	0.511628	-1.05119
2.4	0.523256	-0.705113
2.4	0.534884	1.366
2.4	0.546512	-1.96413
2.4	0.55814	0.749706
2.4	0.569767	-0.996614
2.4	0.581395	1.04409
2.4	0.593023	-1.27278
2.4	0.604651	1.10396
2.4	0.616279	-1.15567
2.4	0.627907	1.43599
2.4	0.639535	-0.0800414
2.4	0.651163	-0.560049
2.4	0.662791	0.673211
2.4	0.674419	1.84784
2.4	0.686047	-1.57973
2.4	0.697674	1.21959
2.4	0.709302	1.28652
2.4	0.72093	-1.51034
2.4	0.732558	4.11011
2.4	0.744186	-1.01963
2.4	0.755814	3.5412
2.4	0.767442	-0.560784
2.4	0.77907	1.31922
2.4	0.790698	0.814242
2.4	0.802326	1.00094
2.4	0.813953	-0.10773
2.4	0.825581	2.2762
2.4	0.837209	0.415674
2.4	0.848837	1.27584
2.4	0.860465	0.827686
2.4	0.872093	2.17744
2.4	0.883721	0.606563
2.4	0.895349	3.65239
2.4	0.906977	-1.30515
2.4	0.918605	1.66596
2.4	0.930233	0.951138
2.4	0.94186	1.56219
2.4	0.953488	0.743748
2.4	0.965116	1.82145
2.4	0.976744	1.09623
2.4	0.988372	1.3092
2.4	1	4.24896e-322
